16:00:37,998  INFO Environment:509 - Hibernate 3.2.3
16:00:38,014  INFO Environment:542 - hibernate.properties not found
16:00:38,014  INFO Environment:676 - Bytecode provider name : cglib
16:00:38,014  INFO Environment:593 - using JDK 1.4 java.sql.Timestamp handling
16:00:38,061  INFO Configuration:1426 - configuring from resource: /hibernate.cfg.xml
16:00:38,061  INFO Configuration:1403 - Configuration resource: /hibernate.cfg.xml
16:00:38,092  INFO Configuration:553 - Reading mappings from resource : gg/db/entities/FileImport.hbm.xml
16:00:38,170  INFO HbmBinder:300 - Mapping class: gg.db.entities.FileImport -> FILE_IMPORTS
16:00:38,170  INFO Configuration:553 - Reading mappings from resource : gg/db/entities/Currency.hbm.xml
16:00:38,217  INFO HbmBinder:300 - Mapping class: gg.db.entities.Currency -> CURRENCIES
16:00:38,217  INFO Configuration:553 - Reading mappings from resource : gg/db/entities/Payee.hbm.xml
16:00:38,248  INFO HbmBinder:300 - Mapping class: gg.db.entities.Payee -> PAYEES
16:00:38,248  INFO Configuration:553 - Reading mappings from resource : gg/db/entities/Account.hbm.xml
16:00:38,279  INFO HbmBinder:300 - Mapping class: gg.db.entities.Account -> ACCOUNTS
16:00:38,373  INFO Configuration:553 - Reading mappings from resource : gg/db/entities/Category.hbm.xml
16:00:38,389  INFO HbmBinder:300 - Mapping class: gg.db.entities.Category -> CATEGORIES
16:00:38,389  INFO Configuration:553 - Reading mappings from resource : gg/db/entities/Transaction.hbm.xml
16:00:38,576  INFO HbmBinder:300 - Mapping class: gg.db.entities.Transaction -> TRANSACTIONS
16:00:38,607  INFO Configuration:1541 - Configured SessionFactory: null
16:00:38,607  INFO HbmBinder:2375 - Mapping collection: gg.db.entities.Currency.accounts -> ACCOUNTS
16:00:38,607  INFO HbmBinder:2375 - Mapping collection: gg.db.entities.Account.transactions -> TRANSACTIONS
16:00:38,607  INFO HbmBinder:2375 - Mapping collection: gg.db.entities.Category.subCategories -> CATEGORIES
16:00:38,607  INFO HbmBinder:2375 - Mapping collection: gg.db.entities.Transaction.subTransactions -> TRANSACTIONS
16:00:38,639  INFO DriverManagerConnectionProvider:41 - Using Hibernate built-in connection pool (not for production use!)
16:00:38,639  INFO DriverManagerConnectionProvider:42 - Hibernate connection pool size: 1
16:00:38,639  INFO DriverManagerConnectionProvider:45 - autocommit mode: false
16:00:39,576  INFO DriverManagerConnectionProvider:80 - using driver: org.apache.derby.jdbc.EmbeddedDriver at URL: jdbc:derby:grisbigraphs-db;create=true
16:00:39,576  INFO DriverManagerConnectionProvider:86 - connection properties: {user=grisbigraphs, password=****}
16:00:40,045  INFO SettingsFactory:89 - RDBMS: Apache Derby, version: 10.4.2.0 - (689064)
16:00:40,045  INFO SettingsFactory:90 - JDBC driver: Apache Derby Embedded JDBC Driver, version: 10.4.2.0 - (689064)
16:00:40,061  INFO Dialect:152 - Using dialect: org.hibernate.dialect.DerbyDialect
16:00:40,061  INFO TransactionFactoryFactory:31 - Using default transaction strategy (direct JDBC transactions)
16:00:40,061  INFO TransactionManagerLookupFactory:33 - No TransactionManagerLookup configured (in JTA environment, use of read-write or transactional second-level cache is not recommended)
16:00:40,061  INFO SettingsFactory:143 - Automatic flush during beforeCompletion(): disabled
16:00:40,061  INFO SettingsFactory:147 - Automatic session close at end of transaction: disabled
16:00:40,076  INFO SettingsFactory:162 - Scrollable result sets: enabled
16:00:40,076  INFO SettingsFactory:170 - JDBC3 getGeneratedKeys(): disabled
16:00:40,076  INFO SettingsFactory:178 - Connection release mode: auto
16:00:40,076  INFO SettingsFactory:205 - Default batch fetch size: 1
16:00:40,076  INFO SettingsFactory:209 - Generate SQL with comments: disabled
16:00:40,076  INFO SettingsFactory:213 - Order SQL updates by primary key: disabled
16:00:40,076  INFO SettingsFactory:382 - Query translator: org.hibernate.hql.ast.ASTQueryTranslatorFactory
16:00:40,076  INFO ASTQueryTranslatorFactory:24 - Using ASTQueryTranslatorFactory
16:00:40,076  INFO SettingsFactory:221 - Query language substitutions: {}
16:00:40,076  INFO SettingsFactory:226 - JPA-QL strict compliance: disabled
16:00:40,076  INFO SettingsFactory:231 - Second-level cache: enabled
16:00:40,076  INFO SettingsFactory:235 - Query cache: disabled
16:00:40,076  INFO SettingsFactory:369 - Cache provider: org.hibernate.cache.NoCacheProvider
16:00:40,076  INFO SettingsFactory:250 - Optimize cache for minimal puts: disabled
16:00:40,076  INFO SettingsFactory:259 - Structured second-level cache entries: disabled
16:00:40,076  INFO SettingsFactory:279 - Echoing all SQL to stdout
16:00:40,076  INFO SettingsFactory:286 - Statistics: disabled
16:00:40,076  INFO SettingsFactory:290 - Deleted entity synthetic identifier rollback: disabled
16:00:40,076  INFO SettingsFactory:305 - Default entity-mode: pojo
16:00:40,076  INFO SettingsFactory:309 - Named query checking : enabled
16:00:40,092  INFO SessionFactoryImpl:161 - building session factory
16:00:40,326  INFO SessionFactoryObjectFactory:82 - Not binding factory to JNDI, no JNDI name configured
16:00:40,342  INFO SchemaUpdate:115 - Running hbm2ddl schema update
16:00:40,342  INFO SchemaUpdate:126 - fetching database metadata
16:00:40,342  INFO SchemaUpdate:138 - updating schema
16:00:40,623  INFO TableMetadata:39 - table found: .GRISBIGRAPHS.ACCOUNTS
16:00:40,623  INFO TableMetadata:40 - columns: [id, balance, name, active, initial_amount, id_currency]
16:00:40,623  INFO TableMetadata:42 - foreign keys: [fk_account_currency]
16:00:40,623  INFO TableMetadata:43 - indexes: [sql090428170439120, sql090428170438000]
16:00:40,639  INFO TableMetadata:39 - table found: .GRISBIGRAPHS.CATEGORIES
16:00:40,639  INFO TableMetadata:40 - columns: [id, grisbi_sub_category_id, id_parent_category, name, grisbi_category_id, system_property]
16:00:40,639  INFO TableMetadata:42 - foreign keys: [fk_category_category]
16:00:40,639  INFO TableMetadata:43 - indexes: [sql090428170439230, sql090428170438141, sql090428170438140]
16:00:40,654  INFO TableMetadata:39 - table found: .GRISBIGRAPHS.CURRENCIES
16:00:40,654  INFO TableMetadata:40 - columns: [id, iso_code, name, active, code]
16:00:40,654  INFO TableMetadata:42 - foreign keys: []
16:00:40,654  INFO TableMetadata:43 - indexes: [sql090428170438390]
16:00:40,670  INFO TableMetadata:39 - table found: .GRISBIGRAPHS.FILE_IMPORTS
16:00:40,670  INFO TableMetadata:40 - columns: [imported_on, id, import_duration, file_path, success]
16:00:40,670  INFO TableMetadata:42 - foreign keys: []
16:00:40,670  INFO TableMetadata:43 - indexes: [sql090428170438540]
16:00:40,670  INFO TableMetadata:39 - table found: .GRISBIGRAPHS.PAYEES
16:00:40,670  INFO TableMetadata:40 - columns: [id, name, system_property]
16:00:40,670  INFO TableMetadata:42 - foreign keys: []
16:00:40,686  INFO TableMetadata:43 - indexes: [sql090428170438680]
16:00:40,717  INFO TableMetadata:39 - table found: .GRISBIGRAPHS.TRANSACTIONS
16:00:40,717  INFO TableMetadata:40 - columns: [id_category, amount, id, id_payee, id_account, id_parent_transaction, comment, date]
16:00:40,717  INFO TableMetadata:42 - foreign keys: [fk_transaction_account, fk_transaction_transaction, fk_transaction_category, fk_transaction_payee]
16:00:40,717  INFO TableMetadata:43 - indexes: [sql090428170439650, sql090428170439320, sql090428170438840, sql090428170439540, sql090428170439430]
16:00:40,717  INFO SchemaUpdate:160 - schema update complete
16:00:40,717  WARN JDBCExceptionReporter:54 - SQL Warning: 10000, SQLState: 01J01
16:00:40,717  WARN JDBCExceptionReporter:55 - Database 'grisbigraphs-db' not created, connection made to existing database instead.
16:00:46,826  INFO SessionFactoryImpl:769 - closing
16:00:46,826  INFO DriverManagerConnectionProvider:147 - cleaning up connection pool: jdbc:derby:grisbigraphs-db;create=true
16:01:01,514  INFO Environment:509 - Hibernate 3.2.3
16:01:01,529  INFO Environment:542 - hibernate.properties not found
16:01:01,529  INFO Environment:676 - Bytecode provider name : cglib
16:01:01,529  INFO Environment:593 - using JDK 1.4 java.sql.Timestamp handling
16:01:01,561  INFO Configuration:1426 - configuring from resource: /hibernate.cfg.xml
16:01:01,561  INFO Configuration:1403 - Configuration resource: /hibernate.cfg.xml
16:01:01,607  INFO Configuration:553 - Reading mappings from resource : gg/db/entities/FileImport.hbm.xml
16:01:01,670  INFO HbmBinder:300 - Mapping class: gg.db.entities.FileImport -> FILE_IMPORTS
16:01:01,686  INFO Configuration:553 - Reading mappings from resource : gg/db/entities/Currency.hbm.xml
16:01:01,717  INFO HbmBinder:300 - Mapping class: gg.db.entities.Currency -> CURRENCIES
16:01:01,732  INFO Configuration:553 - Reading mappings from resource : gg/db/entities/Payee.hbm.xml
16:01:01,779  INFO HbmBinder:300 - Mapping class: gg.db.entities.Payee -> PAYEES
16:01:01,779  INFO Configuration:553 - Reading mappings from resource : gg/db/entities/Account.hbm.xml
16:01:01,811  INFO HbmBinder:300 - Mapping class: gg.db.entities.Account -> ACCOUNTS
16:01:01,873  INFO Configuration:553 - Reading mappings from resource : gg/db/entities/Category.hbm.xml
16:01:01,889  INFO HbmBinder:300 - Mapping class: gg.db.entities.Category -> CATEGORIES
16:01:01,904  INFO Configuration:553 - Reading mappings from resource : gg/db/entities/Transaction.hbm.xml
16:01:01,951  INFO HbmBinder:300 - Mapping class: gg.db.entities.Transaction -> TRANSACTIONS
16:01:01,967  INFO Configuration:1541 - Configured SessionFactory: null
16:01:01,967  INFO HbmBinder:2375 - Mapping collection: gg.db.entities.Currency.accounts -> ACCOUNTS
16:01:01,967  INFO HbmBinder:2375 - Mapping collection: gg.db.entities.Account.transactions -> TRANSACTIONS
16:01:01,967  INFO HbmBinder:2375 - Mapping collection: gg.db.entities.Category.subCategories -> CATEGORIES
16:01:01,967  INFO HbmBinder:2375 - Mapping collection: gg.db.entities.Transaction.subTransactions -> TRANSACTIONS
16:01:02,092  INFO DriverManagerConnectionProvider:41 - Using Hibernate built-in connection pool (not for production use!)
16:01:02,092  INFO DriverManagerConnectionProvider:42 - Hibernate connection pool size: 1
16:01:02,092  INFO DriverManagerConnectionProvider:45 - autocommit mode: false
16:01:02,936  INFO DriverManagerConnectionProvider:80 - using driver: org.apache.derby.jdbc.EmbeddedDriver at URL: jdbc:derby:grisbigraphs-db;create=true
16:01:02,936  INFO DriverManagerConnectionProvider:86 - connection properties: {user=grisbigraphs, password=****}
16:01:03,545  INFO SettingsFactory:89 - RDBMS: Apache Derby, version: 10.4.2.0 - (689064)
16:01:03,545  INFO SettingsFactory:90 - JDBC driver: Apache Derby Embedded JDBC Driver, version: 10.4.2.0 - (689064)
16:01:03,545  INFO Dialect:152 - Using dialect: org.hibernate.dialect.DerbyDialect
16:01:03,561  INFO TransactionFactoryFactory:31 - Using default transaction strategy (direct JDBC transactions)
16:01:03,561  INFO TransactionManagerLookupFactory:33 - No TransactionManagerLookup configured (in JTA environment, use of read-write or transactional second-level cache is not recommended)
16:01:03,561  INFO SettingsFactory:143 - Automatic flush during beforeCompletion(): disabled
16:01:03,561  INFO SettingsFactory:147 - Automatic session close at end of transaction: disabled
16:01:03,561  INFO SettingsFactory:162 - Scrollable result sets: enabled
16:01:03,561  INFO SettingsFactory:170 - JDBC3 getGeneratedKeys(): disabled
16:01:03,561  INFO SettingsFactory:178 - Connection release mode: auto
16:01:03,561  INFO SettingsFactory:205 - Default batch fetch size: 1
16:01:03,561  INFO SettingsFactory:209 - Generate SQL with comments: disabled
16:01:03,561  INFO SettingsFactory:213 - Order SQL updates by primary key: disabled
16:01:03,561  INFO SettingsFactory:382 - Query translator: org.hibernate.hql.ast.ASTQueryTranslatorFactory
16:01:03,561  INFO ASTQueryTranslatorFactory:24 - Using ASTQueryTranslatorFactory
16:01:03,561  INFO SettingsFactory:221 - Query language substitutions: {}
16:01:03,561  INFO SettingsFactory:226 - JPA-QL strict compliance: disabled
16:01:03,561  INFO SettingsFactory:231 - Second-level cache: enabled
16:01:03,561  INFO SettingsFactory:235 - Query cache: disabled
16:01:03,561  INFO SettingsFactory:369 - Cache provider: org.hibernate.cache.NoCacheProvider
16:01:03,561  INFO SettingsFactory:250 - Optimize cache for minimal puts: disabled
16:01:03,561  INFO SettingsFactory:259 - Structured second-level cache entries: disabled
16:01:03,561  INFO SettingsFactory:279 - Echoing all SQL to stdout
16:01:03,561  INFO SettingsFactory:286 - Statistics: disabled
16:01:03,561  INFO SettingsFactory:290 - Deleted entity synthetic identifier rollback: disabled
16:01:03,561  INFO SettingsFactory:305 - Default entity-mode: pojo
16:01:03,561  INFO SettingsFactory:309 - Named query checking : enabled
16:01:03,592  INFO SessionFactoryImpl:161 - building session factory
16:01:03,826  INFO SessionFactoryObjectFactory:82 - Not binding factory to JNDI, no JNDI name configured
16:01:03,826  INFO SchemaUpdate:115 - Running hbm2ddl schema update
16:01:03,826  INFO SchemaUpdate:126 - fetching database metadata
16:01:03,826  INFO SchemaUpdate:138 - updating schema
16:01:04,107  INFO TableMetadata:39 - table found: .GRISBIGRAPHS.ACCOUNTS
16:01:04,107  INFO TableMetadata:40 - columns: [id, balance, name, active, initial_amount, id_currency]
16:01:04,107  INFO TableMetadata:42 - foreign keys: [fk_account_currency]
16:01:04,107  INFO TableMetadata:43 - indexes: [sql090428170439120, sql090428170438000]
16:01:04,123  INFO TableMetadata:39 - table found: .GRISBIGRAPHS.CATEGORIES
16:01:04,123  INFO TableMetadata:40 - columns: [id, grisbi_sub_category_id, id_parent_category, name, grisbi_category_id, system_property]
16:01:04,123  INFO TableMetadata:42 - foreign keys: [fk_category_category]
16:01:04,123  INFO TableMetadata:43 - indexes: [sql090428170439230, sql090428170438141, sql090428170438140]
16:01:04,139  INFO TableMetadata:39 - table found: .GRISBIGRAPHS.CURRENCIES
16:01:04,139  INFO TableMetadata:40 - columns: [id, iso_code, name, active, code]
16:01:04,139  INFO TableMetadata:42 - foreign keys: []
16:01:04,139  INFO TableMetadata:43 - indexes: [sql090428170438390]
16:01:04,139  INFO TableMetadata:39 - table found: .GRISBIGRAPHS.FILE_IMPORTS
16:01:04,139  INFO TableMetadata:40 - columns: [imported_on, id, import_duration, file_path, success]
16:01:04,139  INFO TableMetadata:42 - foreign keys: []
16:01:04,139  INFO TableMetadata:43 - indexes: [sql090428170438540]
16:01:04,154  INFO TableMetadata:39 - table found: .GRISBIGRAPHS.PAYEES
16:01:04,154  INFO TableMetadata:40 - columns: [id, name, system_property]
16:01:04,154  INFO TableMetadata:42 - foreign keys: []
16:01:04,154  INFO TableMetadata:43 - indexes: [sql090428170438680]
16:01:04,186  INFO TableMetadata:39 - table found: .GRISBIGRAPHS.TRANSACTIONS
16:01:04,186  INFO TableMetadata:40 - columns: [id_category, amount, id, id_payee, id_account, id_parent_transaction, comment, date]
16:01:04,186  INFO TableMetadata:42 - foreign keys: [fk_transaction_account, fk_transaction_transaction, fk_transaction_category, fk_transaction_payee]
16:01:04,186  INFO TableMetadata:43 - indexes: [sql090428170439650, sql090428170439320, sql090428170438840, sql090428170439540, sql090428170439430]
16:01:04,186  INFO SchemaUpdate:160 - schema update complete
16:01:04,186  WARN JDBCExceptionReporter:54 - SQL Warning: 10000, SQLState: 01J01
16:01:04,186  WARN JDBCExceptionReporter:55 - Database 'grisbigraphs-db' not created, connection made to existing database instead.
16:01:12,529  INFO SessionFactoryImpl:769 - closing
16:01:12,529  INFO DriverManagerConnectionProvider:147 - cleaning up connection pool: jdbc:derby:grisbigraphs-db;create=true
16:01:28,670  INFO Environment:509 - Hibernate 3.2.3
16:01:28,686  INFO Environment:542 - hibernate.properties not found
16:01:28,686  INFO Environment:676 - Bytecode provider name : cglib
16:01:28,686  INFO Environment:593 - using JDK 1.4 java.sql.Timestamp handling
16:01:28,717  INFO Configuration:1426 - configuring from resource: /hibernate.cfg.xml
16:01:28,717  INFO Configuration:1403 - Configuration resource: /hibernate.cfg.xml
16:01:28,764  INFO Configuration:553 - Reading mappings from resource : gg/db/entities/FileImport.hbm.xml
16:01:28,826  INFO HbmBinder:300 - Mapping class: gg.db.entities.FileImport -> FILE_IMPORTS
16:01:28,842  INFO Configuration:553 - Reading mappings from resource : gg/db/entities/Currency.hbm.xml
16:01:28,873  INFO HbmBinder:300 - Mapping class: gg.db.entities.Currency -> CURRENCIES
16:01:28,889  INFO Configuration:553 - Reading mappings from resource : gg/db/entities/Payee.hbm.xml
16:01:28,920  INFO HbmBinder:300 - Mapping class: gg.db.entities.Payee -> PAYEES
16:01:28,920  INFO Configuration:553 - Reading mappings from resource : gg/db/entities/Account.hbm.xml
16:01:28,967  INFO HbmBinder:300 - Mapping class: gg.db.entities.Account -> ACCOUNTS
16:01:29,029  INFO Configuration:553 - Reading mappings from resource : gg/db/entities/Category.hbm.xml
16:01:29,045  INFO HbmBinder:300 - Mapping class: gg.db.entities.Category -> CATEGORIES
16:01:29,045  INFO Configuration:553 - Reading mappings from resource : gg/db/entities/Transaction.hbm.xml
16:01:29,061  INFO HbmBinder:300 - Mapping class: gg.db.entities.Transaction -> TRANSACTIONS
16:01:29,092  INFO Configuration:1541 - Configured SessionFactory: null
16:01:29,092  INFO HbmBinder:2375 - Mapping collection: gg.db.entities.Currency.accounts -> ACCOUNTS
16:01:29,092  INFO HbmBinder:2375 - Mapping collection: gg.db.entities.Account.transactions -> TRANSACTIONS
16:01:29,092  INFO HbmBinder:2375 - Mapping collection: gg.db.entities.Category.subCategories -> CATEGORIES
16:01:29,092  INFO HbmBinder:2375 - Mapping collection: gg.db.entities.Transaction.subTransactions -> TRANSACTIONS
16:01:29,311  INFO DriverManagerConnectionProvider:41 - Using Hibernate built-in connection pool (not for production use!)
16:01:29,326  INFO DriverManagerConnectionProvider:42 - Hibernate connection pool size: 1
16:01:29,326  INFO DriverManagerConnectionProvider:45 - autocommit mode: false
16:01:30,201  INFO DriverManagerConnectionProvider:80 - using driver: org.apache.derby.jdbc.EmbeddedDriver at URL: jdbc:derby:grisbigraphs-db;create=true
16:01:30,201  INFO DriverManagerConnectionProvider:86 - connection properties: {user=grisbigraphs, password=****}
16:01:30,764  INFO SettingsFactory:89 - RDBMS: Apache Derby, version: 10.4.2.0 - (689064)
16:01:30,764  INFO SettingsFactory:90 - JDBC driver: Apache Derby Embedded JDBC Driver, version: 10.4.2.0 - (689064)
16:01:30,779  INFO Dialect:152 - Using dialect: org.hibernate.dialect.DerbyDialect
16:01:30,779  INFO TransactionFactoryFactory:31 - Using default transaction strategy (direct JDBC transactions)
16:01:30,779  INFO TransactionManagerLookupFactory:33 - No TransactionManagerLookup configured (in JTA environment, use of read-write or transactional second-level cache is not recommended)
16:01:30,779  INFO SettingsFactory:143 - Automatic flush during beforeCompletion(): disabled
16:01:30,779  INFO SettingsFactory:147 - Automatic session close at end of transaction: disabled
16:01:30,779  INFO SettingsFactory:162 - Scrollable result sets: enabled
16:01:30,779  INFO SettingsFactory:170 - JDBC3 getGeneratedKeys(): disabled
16:01:30,779  INFO SettingsFactory:178 - Connection release mode: auto
16:01:30,779  INFO SettingsFactory:205 - Default batch fetch size: 1
16:01:30,779  INFO SettingsFactory:209 - Generate SQL with comments: disabled
16:01:30,779  INFO SettingsFactory:213 - Order SQL updates by primary key: disabled
16:01:30,779  INFO SettingsFactory:382 - Query translator: org.hibernate.hql.ast.ASTQueryTranslatorFactory
16:01:30,779  INFO ASTQueryTranslatorFactory:24 - Using ASTQueryTranslatorFactory
16:01:30,779  INFO SettingsFactory:221 - Query language substitutions: {}
16:01:30,779  INFO SettingsFactory:226 - JPA-QL strict compliance: disabled
16:01:30,779  INFO SettingsFactory:231 - Second-level cache: enabled
16:01:30,779  INFO SettingsFactory:235 - Query cache: disabled
16:01:30,779  INFO SettingsFactory:369 - Cache provider: org.hibernate.cache.NoCacheProvider
16:01:30,779  INFO SettingsFactory:250 - Optimize cache for minimal puts: disabled
16:01:30,779  INFO SettingsFactory:259 - Structured second-level cache entries: disabled
16:01:30,795  INFO SettingsFactory:279 - Echoing all SQL to stdout
16:01:30,795  INFO SettingsFactory:286 - Statistics: disabled
16:01:30,795  INFO SettingsFactory:290 - Deleted entity synthetic identifier rollback: disabled
16:01:30,795  INFO SettingsFactory:305 - Default entity-mode: pojo
16:01:30,795  INFO SettingsFactory:309 - Named query checking : enabled
16:01:30,811  INFO SessionFactoryImpl:161 - building session factory
16:01:31,045  INFO SessionFactoryObjectFactory:82 - Not binding factory to JNDI, no JNDI name configured
16:01:31,045  INFO SchemaUpdate:115 - Running hbm2ddl schema update
16:01:31,045  INFO SchemaUpdate:126 - fetching database metadata
16:01:31,045  INFO SchemaUpdate:138 - updating schema
16:01:31,342  INFO TableMetadata:39 - table found: .GRISBIGRAPHS.ACCOUNTS
16:01:31,342  INFO TableMetadata:40 - columns: [id, balance, name, active, initial_amount, id_currency]
16:01:31,342  INFO TableMetadata:42 - foreign keys: [fk_account_currency]
16:01:31,342  INFO TableMetadata:43 - indexes: [sql090428170439120, sql090428170438000]
16:01:31,357  INFO TableMetadata:39 - table found: .GRISBIGRAPHS.CATEGORIES
16:01:31,357  INFO TableMetadata:40 - columns: [id, grisbi_sub_category_id, id_parent_category, name, grisbi_category_id, system_property]
16:01:31,357  INFO TableMetadata:42 - foreign keys: [fk_category_category]
16:01:31,357  INFO TableMetadata:43 - indexes: [sql090428170439230, sql090428170438141, sql090428170438140]
16:01:31,357  INFO TableMetadata:39 - table found: .GRISBIGRAPHS.CURRENCIES
16:01:31,373  INFO TableMetadata:40 - columns: [id, iso_code, name, active, code]
16:01:31,373  INFO TableMetadata:42 - foreign keys: []
16:01:31,373  INFO TableMetadata:43 - indexes: [sql090428170438390]
16:01:31,389  INFO TableMetadata:39 - table found: .GRISBIGRAPHS.FILE_IMPORTS
16:01:31,389  INFO TableMetadata:40 - columns: [imported_on, id, import_duration, file_path, success]
16:01:31,389  INFO TableMetadata:42 - foreign keys: []
16:01:31,389  INFO TableMetadata:43 - indexes: [sql090428170438540]
16:01:31,389  INFO TableMetadata:39 - table found: .GRISBIGRAPHS.PAYEES
16:01:31,389  INFO TableMetadata:40 - columns: [id, name, system_property]
16:01:31,389  INFO TableMetadata:42 - foreign keys: []
16:01:31,389  INFO TableMetadata:43 - indexes: [sql090428170438680]
16:01:31,420  INFO TableMetadata:39 - table found: .GRISBIGRAPHS.TRANSACTIONS
16:01:31,420  INFO TableMetadata:40 - columns: [id_category, amount, id, id_payee, id_account, id_parent_transaction, comment, date]
16:01:31,420  INFO TableMetadata:42 - foreign keys: [fk_transaction_account, fk_transaction_transaction, fk_transaction_category, fk_transaction_payee]
16:01:31,420  INFO TableMetadata:43 - indexes: [sql090428170439650, sql090428170439320, sql090428170438840, sql090428170439540, sql090428170439430]
16:01:31,420  INFO SchemaUpdate:160 - schema update complete
16:01:31,420  WARN JDBCExceptionReporter:54 - SQL Warning: 10000, SQLState: 01J01
16:01:31,420  WARN JDBCExceptionReporter:55 - Database 'grisbigraphs-db' not created, connection made to existing database instead.
16:02:23,764  INFO SessionFactoryImpl:769 - closing
16:02:23,764  INFO DriverManagerConnectionProvider:147 - cleaning up connection pool: jdbc:derby:grisbigraphs-db;create=true
16:02:32,248  INFO Environment:509 - Hibernate 3.2.3
16:02:32,248  INFO Environment:542 - hibernate.properties not found
16:02:32,248  INFO Environment:676 - Bytecode provider name : cglib
16:02:32,264  INFO Environment:593 - using JDK 1.4 java.sql.Timestamp handling
16:02:32,295  INFO Configuration:1426 - configuring from resource: /hibernate.cfg.xml
16:02:32,295  INFO Configuration:1403 - Configuration resource: /hibernate.cfg.xml
16:02:32,342  INFO Configuration:553 - Reading mappings from resource : gg/db/entities/FileImport.hbm.xml
16:02:32,404  INFO HbmBinder:300 - Mapping class: gg.db.entities.FileImport -> FILE_IMPORTS
16:02:32,420  INFO Configuration:553 - Reading mappings from resource : gg/db/entities/Currency.hbm.xml
16:02:32,467  INFO HbmBinder:300 - Mapping class: gg.db.entities.Currency -> CURRENCIES
16:02:32,467  INFO Configuration:553 - Reading mappings from resource : gg/db/entities/Payee.hbm.xml
16:02:32,498  INFO HbmBinder:300 - Mapping class: gg.db.entities.Payee -> PAYEES
16:02:32,498  INFO Configuration:553 - Reading mappings from resource : gg/db/entities/Account.hbm.xml
16:02:32,545  INFO HbmBinder:300 - Mapping class: gg.db.entities.Account -> ACCOUNTS
16:02:32,607  INFO Configuration:553 - Reading mappings from resource : gg/db/entities/Category.hbm.xml
16:02:32,623  INFO HbmBinder:300 - Mapping class: gg.db.entities.Category -> CATEGORIES
16:02:32,623  INFO Configuration:553 - Reading mappings from resource : gg/db/entities/Transaction.hbm.xml
16:02:32,842  INFO HbmBinder:300 - Mapping class: gg.db.entities.Transaction -> TRANSACTIONS
16:02:32,857  INFO Configuration:1541 - Configured SessionFactory: null
16:02:32,857  INFO HbmBinder:2375 - Mapping collection: gg.db.entities.Currency.accounts -> ACCOUNTS
16:02:32,873  INFO HbmBinder:2375 - Mapping collection: gg.db.entities.Account.transactions -> TRANSACTIONS
16:02:32,889  INFO HbmBinder:2375 - Mapping collection: gg.db.entities.Category.subCategories -> CATEGORIES
16:02:32,889  INFO HbmBinder:2375 - Mapping collection: gg.db.entities.Transaction.subTransactions -> TRANSACTIONS
16:02:32,889  INFO DriverManagerConnectionProvider:41 - Using Hibernate built-in connection pool (not for production use!)
16:02:32,889  INFO DriverManagerConnectionProvider:42 - Hibernate connection pool size: 1
16:02:32,889  INFO DriverManagerConnectionProvider:45 - autocommit mode: false
16:02:33,889  INFO DriverManagerConnectionProvider:80 - using driver: org.apache.derby.jdbc.EmbeddedDriver at URL: jdbc:derby:grisbigraphs-db;create=true
16:02:33,889  INFO DriverManagerConnectionProvider:86 - connection properties: {user=grisbigraphs, password=****}
16:02:34,389  INFO SettingsFactory:89 - RDBMS: Apache Derby, version: 10.4.2.0 - (689064)
16:02:34,389  INFO SettingsFactory:90 - JDBC driver: Apache Derby Embedded JDBC Driver, version: 10.4.2.0 - (689064)
16:02:34,404  INFO Dialect:152 - Using dialect: org.hibernate.dialect.DerbyDialect
16:02:34,404  INFO TransactionFactoryFactory:31 - Using default transaction strategy (direct JDBC transactions)
16:02:34,404  INFO TransactionManagerLookupFactory:33 - No TransactionManagerLookup configured (in JTA environment, use of read-write or transactional second-level cache is not recommended)
16:02:34,404  INFO SettingsFactory:143 - Automatic flush during beforeCompletion(): disabled
16:02:34,404  INFO SettingsFactory:147 - Automatic session close at end of transaction: disabled
16:02:34,404  INFO SettingsFactory:162 - Scrollable result sets: enabled
16:02:34,404  INFO SettingsFactory:170 - JDBC3 getGeneratedKeys(): disabled
16:02:34,404  INFO SettingsFactory:178 - Connection release mode: auto
16:02:34,404  INFO SettingsFactory:205 - Default batch fetch size: 1
16:02:34,404  INFO SettingsFactory:209 - Generate SQL with comments: disabled
16:02:34,404  INFO SettingsFactory:213 - Order SQL updates by primary key: disabled
16:02:34,404  INFO SettingsFactory:382 - Query translator: org.hibernate.hql.ast.ASTQueryTranslatorFactory
16:02:34,420  INFO ASTQueryTranslatorFactory:24 - Using ASTQueryTranslatorFactory
16:02:34,420  INFO SettingsFactory:221 - Query language substitutions: {}
16:02:34,420  INFO SettingsFactory:226 - JPA-QL strict compliance: disabled
16:02:34,420  INFO SettingsFactory:231 - Second-level cache: enabled
16:02:34,420  INFO SettingsFactory:235 - Query cache: disabled
16:02:34,420  INFO SettingsFactory:369 - Cache provider: org.hibernate.cache.NoCacheProvider
16:02:34,420  INFO SettingsFactory:250 - Optimize cache for minimal puts: disabled
16:02:34,420  INFO SettingsFactory:259 - Structured second-level cache entries: disabled
16:02:34,420  INFO SettingsFactory:279 - Echoing all SQL to stdout
16:02:34,420  INFO SettingsFactory:286 - Statistics: disabled
16:02:34,420  INFO SettingsFactory:290 - Deleted entity synthetic identifier rollback: disabled
16:02:34,420  INFO SettingsFactory:305 - Default entity-mode: pojo
16:02:34,420  INFO SettingsFactory:309 - Named query checking : enabled
16:02:34,436  INFO SessionFactoryImpl:161 - building session factory
16:02:34,686  INFO SessionFactoryObjectFactory:82 - Not binding factory to JNDI, no JNDI name configured
16:02:34,686  INFO SchemaUpdate:115 - Running hbm2ddl schema update
16:02:34,686  INFO SchemaUpdate:126 - fetching database metadata
16:02:34,686  INFO SchemaUpdate:138 - updating schema
16:02:34,982  INFO TableMetadata:39 - table found: .GRISBIGRAPHS.ACCOUNTS
16:02:34,982  INFO TableMetadata:40 - columns: [id, balance, name, active, initial_amount, id_currency]
16:02:34,982  INFO TableMetadata:42 - foreign keys: [fk_account_currency]
16:02:34,982  INFO TableMetadata:43 - indexes: [sql090428170439120, sql090428170438000]
16:02:34,998  INFO TableMetadata:39 - table found: .GRISBIGRAPHS.CATEGORIES
16:02:35,014  INFO TableMetadata:40 - columns: [id, grisbi_sub_category_id, id_parent_category, name, grisbi_category_id, system_property]
16:02:35,014  INFO TableMetadata:42 - foreign keys: [fk_category_category]
16:02:35,014  INFO TableMetadata:43 - indexes: [sql090428170439230, sql090428170438141, sql090428170438140]
16:02:35,014  INFO TableMetadata:39 - table found: .GRISBIGRAPHS.CURRENCIES
16:02:35,014  INFO TableMetadata:40 - columns: [id, iso_code, name, active, code]
16:02:35,014  INFO TableMetadata:42 - foreign keys: []
16:02:35,014  INFO TableMetadata:43 - indexes: [sql090428170438390]
16:02:35,029  INFO TableMetadata:39 - table found: .GRISBIGRAPHS.FILE_IMPORTS
16:02:35,029  INFO TableMetadata:40 - columns: [imported_on, id, import_duration, file_path, success]
16:02:35,029  INFO TableMetadata:42 - foreign keys: []
16:02:35,029  INFO TableMetadata:43 - indexes: [sql090428170438540]
16:02:35,045  INFO TableMetadata:39 - table found: .GRISBIGRAPHS.PAYEES
16:02:35,045  INFO TableMetadata:40 - columns: [id, name, system_property]
16:02:35,045  INFO TableMetadata:42 - foreign keys: []
16:02:35,045  INFO TableMetadata:43 - indexes: [sql090428170438680]
16:02:35,076  INFO TableMetadata:39 - table found: .GRISBIGRAPHS.TRANSACTIONS
16:02:35,076  INFO TableMetadata:40 - columns: [id_category, amount, id, id_payee, id_account, id_parent_transaction, comment, date]
16:02:35,076  INFO TableMetadata:42 - foreign keys: [fk_transaction_account, fk_transaction_transaction, fk_transaction_category, fk_transaction_payee]
16:02:35,076  INFO TableMetadata:43 - indexes: [sql090428170439650, sql090428170439320, sql090428170438840, sql090428170439540, sql090428170439430]
16:02:35,076  INFO SchemaUpdate:160 - schema update complete
16:02:35,076  WARN JDBCExceptionReporter:54 - SQL Warning: 10000, SQLState: 01J01
16:02:35,076  WARN JDBCExceptionReporter:55 - Database 'grisbigraphs-db' not created, connection made to existing database instead.
16:03:50,076  INFO SessionFactoryImpl:769 - closing
16:03:50,076  INFO DriverManagerConnectionProvider:147 - cleaning up connection pool: jdbc:derby:grisbigraphs-db;create=true
09:52:17,123  INFO Environment:509 - Hibernate 3.2.3
09:52:17,139  INFO Environment:542 - hibernate.properties not found
09:52:17,139  INFO Environment:676 - Bytecode provider name : cglib
09:52:17,139  INFO Environment:593 - using JDK 1.4 java.sql.Timestamp handling
09:52:17,170  INFO Configuration:1426 - configuring from resource: /hibernate.cfg.xml
09:52:17,170  INFO Configuration:1403 - Configuration resource: /hibernate.cfg.xml
09:52:17,217  INFO Configuration:553 - Reading mappings from resource : gg/db/entities/FileImport.hbm.xml
09:52:17,280  INFO HbmBinder:300 - Mapping class: gg.db.entities.FileImport -> FILE_IMPORTS
09:52:17,295  INFO Configuration:553 - Reading mappings from resource : gg/db/entities/Currency.hbm.xml
09:52:17,326  INFO HbmBinder:300 - Mapping class: gg.db.entities.Currency -> CURRENCIES
09:52:17,326  INFO Configuration:553 - Reading mappings from resource : gg/db/entities/Payee.hbm.xml
09:52:17,358  INFO HbmBinder:300 - Mapping class: gg.db.entities.Payee -> PAYEES
09:52:17,358  INFO Configuration:553 - Reading mappings from resource : gg/db/entities/Account.hbm.xml
09:52:17,405  INFO HbmBinder:300 - Mapping class: gg.db.entities.Account -> ACCOUNTS
09:52:17,451  INFO Configuration:553 - Reading mappings from resource : gg/db/entities/Category.hbm.xml
09:52:17,483  INFO HbmBinder:300 - Mapping class: gg.db.entities.Category -> CATEGORIES
09:52:17,483  INFO Configuration:553 - Reading mappings from resource : gg/db/entities/Transaction.hbm.xml
09:52:17,654  INFO HbmBinder:300 - Mapping class: gg.db.entities.Transaction -> TRANSACTIONS
09:52:17,686  INFO Configuration:1541 - Configured SessionFactory: null
09:52:17,686  INFO HbmBinder:2375 - Mapping collection: gg.db.entities.Currency.accounts -> ACCOUNTS
09:52:17,686  INFO HbmBinder:2375 - Mapping collection: gg.db.entities.Account.transactions -> TRANSACTIONS
09:52:17,686  INFO HbmBinder:2375 - Mapping collection: gg.db.entities.Category.subCategories -> CATEGORIES
09:52:17,686  INFO HbmBinder:2375 - Mapping collection: gg.db.entities.Transaction.subTransactions -> TRANSACTIONS
09:52:17,701  INFO DriverManagerConnectionProvider:41 - Using Hibernate built-in connection pool (not for production use!)
09:52:17,717  INFO DriverManagerConnectionProvider:42 - Hibernate connection pool size: 1
09:52:17,717  INFO DriverManagerConnectionProvider:45 - autocommit mode: false
09:52:18,607  INFO DriverManagerConnectionProvider:80 - using driver: org.apache.derby.jdbc.EmbeddedDriver at URL: jdbc:derby:grisbigraphs-db;create=true
09:52:18,607  INFO DriverManagerConnectionProvider:86 - connection properties: {user=grisbigraphs, password=****}
09:52:25,167  INFO SettingsFactory:89 - RDBMS: Apache Derby, version: 10.4.2.0 - (689064)
09:52:25,167  INFO SettingsFactory:90 - JDBC driver: Apache Derby Embedded JDBC Driver, version: 10.4.2.0 - (689064)
09:52:25,167  INFO Dialect:152 - Using dialect: org.hibernate.dialect.DerbyDialect
09:52:25,183  INFO TransactionFactoryFactory:31 - Using default transaction strategy (direct JDBC transactions)
09:52:25,183  INFO TransactionManagerLookupFactory:33 - No TransactionManagerLookup configured (in JTA environment, use of read-write or transactional second-level cache is not recommended)
09:52:25,183  INFO SettingsFactory:143 - Automatic flush during beforeCompletion(): disabled
09:52:25,183  INFO SettingsFactory:147 - Automatic session close at end of transaction: disabled
09:52:25,183  INFO SettingsFactory:162 - Scrollable result sets: enabled
09:52:25,183  INFO SettingsFactory:170 - JDBC3 getGeneratedKeys(): disabled
09:52:25,183  INFO SettingsFactory:178 - Connection release mode: auto
09:52:25,183  INFO SettingsFactory:205 - Default batch fetch size: 1
09:52:25,183  INFO SettingsFactory:209 - Generate SQL with comments: disabled
09:52:25,183  INFO SettingsFactory:213 - Order SQL updates by primary key: disabled
09:52:25,183  INFO SettingsFactory:382 - Query translator: org.hibernate.hql.ast.ASTQueryTranslatorFactory
09:52:25,183  INFO ASTQueryTranslatorFactory:24 - Using ASTQueryTranslatorFactory
09:52:25,183  INFO SettingsFactory:221 - Query language substitutions: {}
09:52:25,183  INFO SettingsFactory:226 - JPA-QL strict compliance: disabled
09:52:25,183  INFO SettingsFactory:231 - Second-level cache: enabled
09:52:25,183  INFO SettingsFactory:235 - Query cache: disabled
09:52:25,183  INFO SettingsFactory:369 - Cache provider: org.hibernate.cache.NoCacheProvider
09:52:25,183  INFO SettingsFactory:250 - Optimize cache for minimal puts: disabled
09:52:25,183  INFO SettingsFactory:259 - Structured second-level cache entries: disabled
09:52:25,183  INFO SettingsFactory:279 - Echoing all SQL to stdout
09:52:25,183  INFO SettingsFactory:286 - Statistics: disabled
09:52:25,183  INFO SettingsFactory:290 - Deleted entity synthetic identifier rollback: disabled
09:52:25,183  INFO SettingsFactory:305 - Default entity-mode: pojo
09:52:25,183  INFO SettingsFactory:309 - Named query checking : enabled
09:52:25,214  INFO SessionFactoryImpl:161 - building session factory
09:52:25,433  INFO SessionFactoryObjectFactory:82 - Not binding factory to JNDI, no JNDI name configured
09:52:25,433  INFO SchemaUpdate:115 - Running hbm2ddl schema update
09:52:25,433  INFO SchemaUpdate:126 - fetching database metadata
09:52:25,448  INFO SchemaUpdate:138 - updating schema
09:52:25,667  INFO TableMetadata:39 - table found: .GRISBIGRAPHS.ACCOUNTS
09:52:25,667  INFO TableMetadata:40 - columns: [id, balance, name, active, initial_amount, id_currency]
09:52:25,667  INFO TableMetadata:42 - foreign keys: [fk_account_currency]
09:52:25,667  INFO TableMetadata:43 - indexes: [sql090428170439120, sql090428170438000]
09:52:25,698  INFO TableMetadata:39 - table found: .GRISBIGRAPHS.CATEGORIES
09:52:25,698  INFO TableMetadata:40 - columns: [id, grisbi_sub_category_id, id_parent_category, name, grisbi_category_id, system_property]
09:52:25,698  INFO TableMetadata:42 - foreign keys: [fk_category_category]
09:52:25,698  INFO TableMetadata:43 - indexes: [sql090428170439230, sql090428170438141, sql090428170438140]
09:52:25,714  INFO TableMetadata:39 - table found: .GRISBIGRAPHS.CURRENCIES
09:52:25,714  INFO TableMetadata:40 - columns: [id, iso_code, name, active, code]
09:52:25,714  INFO TableMetadata:42 - foreign keys: []
09:52:25,714  INFO TableMetadata:43 - indexes: [sql090428170438390]
09:52:25,714  INFO TableMetadata:39 - table found: .GRISBIGRAPHS.FILE_IMPORTS
09:52:25,714  INFO TableMetadata:40 - columns: [imported_on, id, import_duration, file_path, success]
09:52:25,714  INFO TableMetadata:42 - foreign keys: []
09:52:25,714  INFO TableMetadata:43 - indexes: [sql090428170438540]
09:52:25,729  INFO TableMetadata:39 - table found: .GRISBIGRAPHS.PAYEES
09:52:25,729  INFO TableMetadata:40 - columns: [id, name, system_property]
09:52:25,729  INFO TableMetadata:42 - foreign keys: []
09:52:25,729  INFO TableMetadata:43 - indexes: [sql090428170438680]
09:52:25,745  INFO TableMetadata:39 - table found: .GRISBIGRAPHS.TRANSACTIONS
09:52:25,745  INFO TableMetadata:40 - columns: [id_category, amount, id, id_payee, id_account, id_parent_transaction, comment, date]
09:52:25,745  INFO TableMetadata:42 - foreign keys: [fk_transaction_account, fk_transaction_transaction, fk_transaction_category, fk_transaction_payee]
09:52:25,745  INFO TableMetadata:43 - indexes: [sql090428170439650, sql090428170439320, sql090428170438840, sql090428170439540, sql090428170439430]
09:52:25,745  INFO SchemaUpdate:160 - schema update complete
09:52:25,745  WARN JDBCExceptionReporter:54 - SQL Warning: 10000, SQLState: 01J01
09:52:25,745  WARN JDBCExceptionReporter:55 - Database 'grisbigraphs-db' not created, connection made to existing database instead.
09:54:03,051  INFO SessionFactoryImpl:769 - closing
09:54:03,051  INFO DriverManagerConnectionProvider:147 - cleaning up connection pool: jdbc:derby:grisbigraphs-db;create=true
09:59:41,088  INFO Environment:509 - Hibernate 3.2.3
09:59:41,103  INFO Environment:542 - hibernate.properties not found
09:59:41,103  INFO Environment:676 - Bytecode provider name : cglib
09:59:41,103  INFO Environment:593 - using JDK 1.4 java.sql.Timestamp handling
09:59:41,134  INFO Configuration:1426 - configuring from resource: /hibernate.cfg.xml
09:59:41,134  INFO Configuration:1403 - Configuration resource: /hibernate.cfg.xml
09:59:41,181  INFO Configuration:553 - Reading mappings from resource : gg/db/entities/FileImport.hbm.xml
09:59:41,244  INFO HbmBinder:300 - Mapping class: gg.db.entities.FileImport -> FILE_IMPORTS
09:59:41,259  INFO Configuration:553 - Reading mappings from resource : gg/db/entities/Currency.hbm.xml
09:59:41,291  INFO HbmBinder:300 - Mapping class: gg.db.entities.Currency -> CURRENCIES
09:59:41,306  INFO Configuration:553 - Reading mappings from resource : gg/db/entities/Payee.hbm.xml
09:59:41,338  INFO HbmBinder:300 - Mapping class: gg.db.entities.Payee -> PAYEES
09:59:41,338  INFO Configuration:553 - Reading mappings from resource : gg/db/entities/Account.hbm.xml
09:59:41,369  INFO HbmBinder:300 - Mapping class: gg.db.entities.Account -> ACCOUNTS
09:59:41,416  INFO Configuration:553 - Reading mappings from resource : gg/db/entities/Category.hbm.xml
09:59:41,447  INFO HbmBinder:300 - Mapping class: gg.db.entities.Category -> CATEGORIES
09:59:41,447  INFO Configuration:553 - Reading mappings from resource : gg/db/entities/Transaction.hbm.xml
09:59:41,619  INFO HbmBinder:300 - Mapping class: gg.db.entities.Transaction -> TRANSACTIONS
09:59:41,650  INFO Configuration:1541 - Configured SessionFactory: null
09:59:41,650  INFO HbmBinder:2375 - Mapping collection: gg.db.entities.Currency.accounts -> ACCOUNTS
09:59:41,650  INFO HbmBinder:2375 - Mapping collection: gg.db.entities.Account.transactions -> TRANSACTIONS
09:59:41,650  INFO HbmBinder:2375 - Mapping collection: gg.db.entities.Category.subCategories -> CATEGORIES
09:59:41,650  INFO HbmBinder:2375 - Mapping collection: gg.db.entities.Transaction.subTransactions -> TRANSACTIONS
09:59:41,681  INFO DriverManagerConnectionProvider:41 - Using Hibernate built-in connection pool (not for production use!)
09:59:41,697  INFO DriverManagerConnectionProvider:42 - Hibernate connection pool size: 1
09:59:41,697  INFO DriverManagerConnectionProvider:45 - autocommit mode: false
09:59:42,556  INFO DriverManagerConnectionProvider:80 - using driver: org.apache.derby.jdbc.EmbeddedDriver at URL: jdbc:derby:grisbigraphs-db;create=true
09:59:42,556  INFO DriverManagerConnectionProvider:86 - connection properties: {user=grisbigraphs, password=****}
09:59:43,165  INFO SettingsFactory:89 - RDBMS: Apache Derby, version: 10.4.2.0 - (689064)
09:59:43,165  INFO SettingsFactory:90 - JDBC driver: Apache Derby Embedded JDBC Driver, version: 10.4.2.0 - (689064)
09:59:43,165  INFO Dialect:152 - Using dialect: org.hibernate.dialect.DerbyDialect
09:59:43,180  INFO TransactionFactoryFactory:31 - Using default transaction strategy (direct JDBC transactions)
09:59:43,180  INFO TransactionManagerLookupFactory:33 - No TransactionManagerLookup configured (in JTA environment, use of read-write or transactional second-level cache is not recommended)
09:59:43,180  INFO SettingsFactory:143 - Automatic flush during beforeCompletion(): disabled
09:59:43,180  INFO SettingsFactory:147 - Automatic session close at end of transaction: disabled
09:59:43,180  INFO SettingsFactory:162 - Scrollable result sets: enabled
09:59:43,180  INFO SettingsFactory:170 - JDBC3 getGeneratedKeys(): disabled
09:59:43,180  INFO SettingsFactory:178 - Connection release mode: auto
09:59:43,180  INFO SettingsFactory:205 - Default batch fetch size: 1
09:59:43,180  INFO SettingsFactory:209 - Generate SQL with comments: disabled
09:59:43,180  INFO SettingsFactory:213 - Order SQL updates by primary key: disabled
09:59:43,180  INFO SettingsFactory:382 - Query translator: org.hibernate.hql.ast.ASTQueryTranslatorFactory
09:59:43,180  INFO ASTQueryTranslatorFactory:24 - Using ASTQueryTranslatorFactory
09:59:43,180  INFO SettingsFactory:221 - Query language substitutions: {}
09:59:43,180  INFO SettingsFactory:226 - JPA-QL strict compliance: disabled
09:59:43,180  INFO SettingsFactory:231 - Second-level cache: enabled
09:59:43,180  INFO SettingsFactory:235 - Query cache: disabled
09:59:43,180  INFO SettingsFactory:369 - Cache provider: org.hibernate.cache.NoCacheProvider
09:59:43,180  INFO SettingsFactory:250 - Optimize cache for minimal puts: disabled
09:59:43,180  INFO SettingsFactory:259 - Structured second-level cache entries: disabled
09:59:43,180  INFO SettingsFactory:279 - Echoing all SQL to stdout
09:59:43,180  INFO SettingsFactory:286 - Statistics: disabled
09:59:43,180  INFO SettingsFactory:290 - Deleted entity synthetic identifier rollback: disabled
09:59:43,180  INFO SettingsFactory:305 - Default entity-mode: pojo
09:59:43,180  INFO SettingsFactory:309 - Named query checking : enabled
09:59:43,212  INFO SessionFactoryImpl:161 - building session factory
09:59:43,430  INFO SessionFactoryObjectFactory:82 - Not binding factory to JNDI, no JNDI name configured
09:59:43,430  INFO SchemaUpdate:115 - Running hbm2ddl schema update
09:59:43,430  INFO SchemaUpdate:126 - fetching database metadata
09:59:43,446  INFO SchemaUpdate:138 - updating schema
09:59:43,712  INFO TableMetadata:39 - table found: .GRISBIGRAPHS.ACCOUNTS
09:59:43,712  INFO TableMetadata:40 - columns: [id, balance, name, active, initial_amount, id_currency]
09:59:43,712  INFO TableMetadata:42 - foreign keys: [fk_account_currency]
09:59:43,712  INFO TableMetadata:43 - indexes: [sql090428170439120, sql090428170438000]
09:59:43,727  INFO TableMetadata:39 - table found: .GRISBIGRAPHS.CATEGORIES
09:59:43,727  INFO TableMetadata:40 - columns: [id, grisbi_sub_category_id, id_parent_category, name, grisbi_category_id, system_property]
09:59:43,727  INFO TableMetadata:42 - foreign keys: [fk_category_category]
09:59:43,727  INFO TableMetadata:43 - indexes: [sql090428170439230, sql090428170438141, sql090428170438140]
09:59:43,743  INFO TableMetadata:39 - table found: .GRISBIGRAPHS.CURRENCIES
09:59:43,743  INFO TableMetadata:40 - columns: [id, iso_code, name, active, code]
09:59:43,743  INFO TableMetadata:42 - foreign keys: []
09:59:43,743  INFO TableMetadata:43 - indexes: [sql090428170438390]
09:59:43,758  INFO TableMetadata:39 - table found: .GRISBIGRAPHS.FILE_IMPORTS
09:59:43,758  INFO TableMetadata:40 - columns: [imported_on, id, import_duration, file_path, success]
09:59:43,758  INFO TableMetadata:42 - foreign keys: []
09:59:43,758  INFO TableMetadata:43 - indexes: [sql090428170438540]
09:59:43,758  INFO TableMetadata:39 - table found: .GRISBIGRAPHS.PAYEES
09:59:43,758  INFO TableMetadata:40 - columns: [id, name, system_property]
09:59:43,758  INFO TableMetadata:42 - foreign keys: []
09:59:43,758  INFO TableMetadata:43 - indexes: [sql090428170438680]
09:59:43,790  INFO TableMetadata:39 - table found: .GRISBIGRAPHS.TRANSACTIONS
09:59:43,790  INFO TableMetadata:40 - columns: [id_category, amount, id, id_payee, id_account, id_parent_transaction, comment, date]
09:59:43,790  INFO TableMetadata:42 - foreign keys: [fk_transaction_account, fk_transaction_transaction, fk_transaction_category, fk_transaction_payee]
09:59:43,790  INFO TableMetadata:43 - indexes: [sql090428170439650, sql090428170439320, sql090428170438840, sql090428170439540, sql090428170439430]
09:59:43,790  INFO SchemaUpdate:160 - schema update complete
09:59:43,790  WARN JDBCExceptionReporter:54 - SQL Warning: 10000, SQLState: 01J01
09:59:43,790  WARN JDBCExceptionReporter:55 - Database 'grisbigraphs-db' not created, connection made to existing database instead.
10:01:08,927  INFO SessionFactoryImpl:769 - closing
10:01:08,927  INFO DriverManagerConnectionProvider:147 - cleaning up connection pool: jdbc:derby:grisbigraphs-db;create=true
10:18:42,881  INFO Environment:509 - Hibernate 3.2.3
10:18:42,881  INFO Environment:542 - hibernate.properties not found
10:18:42,896  INFO Environment:676 - Bytecode provider name : cglib
10:18:42,896  INFO Environment:593 - using JDK 1.4 java.sql.Timestamp handling
10:18:42,928  INFO Configuration:1426 - configuring from resource: /hibernate.cfg.xml
10:18:42,928  INFO Configuration:1403 - Configuration resource: /hibernate.cfg.xml
10:18:42,974  INFO Configuration:553 - Reading mappings from resource : gg/db/entities/FileImport.hbm.xml
10:18:43,037  INFO HbmBinder:300 - Mapping class: gg.db.entities.FileImport -> FILE_IMPORTS
10:18:43,053  INFO Configuration:553 - Reading mappings from resource : gg/db/entities/Currency.hbm.xml
10:18:43,084  INFO HbmBinder:300 - Mapping class: gg.db.entities.Currency -> CURRENCIES
10:18:43,099  INFO Configuration:553 - Reading mappings from resource : gg/db/entities/Payee.hbm.xml
10:18:43,131  INFO HbmBinder:300 - Mapping class: gg.db.entities.Payee -> PAYEES
10:18:43,131  INFO Configuration:553 - Reading mappings from resource : gg/db/entities/Account.hbm.xml
10:18:43,162  INFO HbmBinder:300 - Mapping class: gg.db.entities.Account -> ACCOUNTS
10:18:43,224  INFO Configuration:553 - Reading mappings from resource : gg/db/entities/Category.hbm.xml
10:18:43,240  INFO HbmBinder:300 - Mapping class: gg.db.entities.Category -> CATEGORIES
10:18:43,240  INFO Configuration:553 - Reading mappings from resource : gg/db/entities/Transaction.hbm.xml
10:18:43,256  INFO HbmBinder:300 - Mapping class: gg.db.entities.Transaction -> TRANSACTIONS
10:18:43,302  INFO Configuration:1541 - Configured SessionFactory: null
10:18:43,302  INFO HbmBinder:2375 - Mapping collection: gg.db.entities.Currency.accounts -> ACCOUNTS
10:18:43,302  INFO HbmBinder:2375 - Mapping collection: gg.db.entities.Account.transactions -> TRANSACTIONS
10:18:43,302  INFO HbmBinder:2375 - Mapping collection: gg.db.entities.Category.subCategories -> CATEGORIES
10:18:43,302  INFO HbmBinder:2375 - Mapping collection: gg.db.entities.Transaction.subTransactions -> TRANSACTIONS
10:18:43,334  INFO DriverManagerConnectionProvider:41 - Using Hibernate built-in connection pool (not for production use!)
10:18:43,334  INFO DriverManagerConnectionProvider:42 - Hibernate connection pool size: 1
10:18:43,334  INFO DriverManagerConnectionProvider:45 - autocommit mode: false
10:18:44,318  INFO DriverManagerConnectionProvider:80 - using driver: org.apache.derby.jdbc.EmbeddedDriver at URL: jdbc:derby:grisbigraphs-db;create=true
10:18:44,318  INFO DriverManagerConnectionProvider:86 - connection properties: {user=grisbigraphs, password=****}
10:18:44,849  INFO SettingsFactory:89 - RDBMS: Apache Derby, version: 10.4.2.0 - (689064)
10:18:44,849  INFO SettingsFactory:90 - JDBC driver: Apache Derby Embedded JDBC Driver, version: 10.4.2.0 - (689064)
10:18:44,864  INFO Dialect:152 - Using dialect: org.hibernate.dialect.DerbyDialect
10:18:44,864  INFO TransactionFactoryFactory:31 - Using default transaction strategy (direct JDBC transactions)
10:18:44,864  INFO TransactionManagerLookupFactory:33 - No TransactionManagerLookup configured (in JTA environment, use of read-write or transactional second-level cache is not recommended)
10:18:44,864  INFO SettingsFactory:143 - Automatic flush during beforeCompletion(): disabled
10:18:44,864  INFO SettingsFactory:147 - Automatic session close at end of transaction: disabled
10:18:44,880  INFO SettingsFactory:162 - Scrollable result sets: enabled
10:18:44,880  INFO SettingsFactory:170 - JDBC3 getGeneratedKeys(): disabled
10:18:44,880  INFO SettingsFactory:178 - Connection release mode: auto
10:18:44,880  INFO SettingsFactory:205 - Default batch fetch size: 1
10:18:44,880  INFO SettingsFactory:209 - Generate SQL with comments: disabled
10:18:44,880  INFO SettingsFactory:213 - Order SQL updates by primary key: disabled
10:18:44,880  INFO SettingsFactory:382 - Query translator: org.hibernate.hql.ast.ASTQueryTranslatorFactory
10:18:44,880  INFO ASTQueryTranslatorFactory:24 - Using ASTQueryTranslatorFactory
10:18:44,880  INFO SettingsFactory:221 - Query language substitutions: {}
10:18:44,880  INFO SettingsFactory:226 - JPA-QL strict compliance: disabled
10:18:44,880  INFO SettingsFactory:231 - Second-level cache: enabled
10:18:44,880  INFO SettingsFactory:235 - Query cache: disabled
10:18:44,880  INFO SettingsFactory:369 - Cache provider: org.hibernate.cache.NoCacheProvider
10:18:44,880  INFO SettingsFactory:250 - Optimize cache for minimal puts: disabled
10:18:44,880  INFO SettingsFactory:259 - Structured second-level cache entries: disabled
10:18:44,880  INFO SettingsFactory:279 - Echoing all SQL to stdout
10:18:44,880  INFO SettingsFactory:286 - Statistics: disabled
10:18:44,880  INFO SettingsFactory:290 - Deleted entity synthetic identifier rollback: disabled
10:18:44,880  INFO SettingsFactory:305 - Default entity-mode: pojo
10:18:44,880  INFO SettingsFactory:309 - Named query checking : enabled
10:18:44,911  INFO SessionFactoryImpl:161 - building session factory
10:18:45,145  INFO SessionFactoryObjectFactory:82 - Not binding factory to JNDI, no JNDI name configured
10:18:45,145  INFO SchemaUpdate:115 - Running hbm2ddl schema update
10:18:45,145  INFO SchemaUpdate:126 - fetching database metadata
10:18:45,145  INFO SchemaUpdate:138 - updating schema
10:18:45,427  INFO TableMetadata:39 - table found: .GRISBIGRAPHS.ACCOUNTS
10:18:45,427  INFO TableMetadata:40 - columns: [id, balance, name, active, initial_amount, id_currency]
10:18:45,427  INFO TableMetadata:42 - foreign keys: [fk_account_currency]
10:18:45,427  INFO TableMetadata:43 - indexes: [sql090428170439120, sql090428170438000]
10:18:45,442  INFO TableMetadata:39 - table found: .GRISBIGRAPHS.CATEGORIES
10:18:45,442  INFO TableMetadata:40 - columns: [id, grisbi_sub_category_id, id_parent_category, name, grisbi_category_id, system_property]
10:18:45,442  INFO TableMetadata:42 - foreign keys: [fk_category_category]
10:18:45,442  INFO TableMetadata:43 - indexes: [sql090428170439230, sql090428170438141, sql090428170438140]
10:18:45,458  INFO TableMetadata:39 - table found: .GRISBIGRAPHS.CURRENCIES
10:18:45,458  INFO TableMetadata:40 - columns: [id, iso_code, name, active, code]
10:18:45,458  INFO TableMetadata:42 - foreign keys: []
10:18:45,458  INFO TableMetadata:43 - indexes: [sql090428170438390]
10:18:45,473  INFO TableMetadata:39 - table found: .GRISBIGRAPHS.FILE_IMPORTS
10:18:45,473  INFO TableMetadata:40 - columns: [imported_on, id, import_duration, file_path, success]
10:18:45,473  INFO TableMetadata:42 - foreign keys: []
10:18:45,473  INFO TableMetadata:43 - indexes: [sql090428170438540]
10:18:45,473  INFO TableMetadata:39 - table found: .GRISBIGRAPHS.PAYEES
10:18:45,473  INFO TableMetadata:40 - columns: [id, name, system_property]
10:18:45,473  INFO TableMetadata:42 - foreign keys: []
10:18:45,473  INFO TableMetadata:43 - indexes: [sql090428170438680]
10:18:45,505  INFO TableMetadata:39 - table found: .GRISBIGRAPHS.TRANSACTIONS
10:18:45,505  INFO TableMetadata:40 - columns: [id_category, amount, id, id_payee, id_account, id_parent_transaction, comment, date]
10:18:45,505  INFO TableMetadata:42 - foreign keys: [fk_transaction_account, fk_transaction_transaction, fk_transaction_category, fk_transaction_payee]
10:18:45,505  INFO TableMetadata:43 - indexes: [sql090428170439650, sql090428170439320, sql090428170438840, sql090428170439540, sql090428170439430]
10:18:45,505  INFO SchemaUpdate:160 - schema update complete
10:18:45,505  WARN JDBCExceptionReporter:54 - SQL Warning: 10000, SQLState: 01J01
10:18:45,505  WARN JDBCExceptionReporter:55 - Database 'grisbigraphs-db' not created, connection made to existing database instead.
10:19:42,059  INFO SessionFactoryImpl:769 - closing
10:19:42,059  INFO DriverManagerConnectionProvider:147 - cleaning up connection pool: jdbc:derby:grisbigraphs-db;create=true
10:19:49,041  INFO Environment:509 - Hibernate 3.2.3
10:19:49,041  INFO Environment:542 - hibernate.properties not found
10:19:49,056  INFO Environment:676 - Bytecode provider name : cglib
10:19:49,056  INFO Environment:593 - using JDK 1.4 java.sql.Timestamp handling
10:19:49,088  INFO Configuration:1426 - configuring from resource: /hibernate.cfg.xml
10:19:49,088  INFO Configuration:1403 - Configuration resource: /hibernate.cfg.xml
10:19:49,134  INFO Configuration:553 - Reading mappings from resource : gg/db/entities/FileImport.hbm.xml
10:19:49,197  INFO HbmBinder:300 - Mapping class: gg.db.entities.FileImport -> FILE_IMPORTS
10:19:49,212  INFO Configuration:553 - Reading mappings from resource : gg/db/entities/Currency.hbm.xml
10:19:49,244  INFO HbmBinder:300 - Mapping class: gg.db.entities.Currency -> CURRENCIES
10:19:49,259  INFO Configuration:553 - Reading mappings from resource : gg/db/entities/Payee.hbm.xml
10:19:49,291  INFO HbmBinder:300 - Mapping class: gg.db.entities.Payee -> PAYEES
10:19:49,291  INFO Configuration:553 - Reading mappings from resource : gg/db/entities/Account.hbm.xml
10:19:49,322  INFO HbmBinder:300 - Mapping class: gg.db.entities.Account -> ACCOUNTS
10:19:49,400  INFO Configuration:553 - Reading mappings from resource : gg/db/entities/Category.hbm.xml
10:19:49,416  INFO HbmBinder:300 - Mapping class: gg.db.entities.Category -> CATEGORIES
10:19:49,416  INFO Configuration:553 - Reading mappings from resource : gg/db/entities/Transaction.hbm.xml
10:19:49,587  INFO HbmBinder:300 - Mapping class: gg.db.entities.Transaction -> TRANSACTIONS
10:19:49,634  INFO Configuration:1541 - Configured SessionFactory: null
10:19:49,634  INFO HbmBinder:2375 - Mapping collection: gg.db.entities.Currency.accounts -> ACCOUNTS
10:19:49,634  INFO HbmBinder:2375 - Mapping collection: gg.db.entities.Account.transactions -> TRANSACTIONS
10:19:49,634  INFO HbmBinder:2375 - Mapping collection: gg.db.entities.Category.subCategories -> CATEGORIES
10:19:49,634  INFO HbmBinder:2375 - Mapping collection: gg.db.entities.Transaction.subTransactions -> TRANSACTIONS
10:19:49,650  INFO DriverManagerConnectionProvider:41 - Using Hibernate built-in connection pool (not for production use!)
10:19:49,650  INFO DriverManagerConnectionProvider:42 - Hibernate connection pool size: 1
10:19:49,665  INFO DriverManagerConnectionProvider:45 - autocommit mode: false
10:19:50,587  INFO DriverManagerConnectionProvider:80 - using driver: org.apache.derby.jdbc.EmbeddedDriver at URL: jdbc:derby:grisbigraphs-db;create=true
10:19:50,587  INFO DriverManagerConnectionProvider:86 - connection properties: {user=grisbigraphs, password=****}
10:19:51,165  INFO SettingsFactory:89 - RDBMS: Apache Derby, version: 10.4.2.0 - (689064)
10:19:51,165  INFO SettingsFactory:90 - JDBC driver: Apache Derby Embedded JDBC Driver, version: 10.4.2.0 - (689064)
10:19:51,165  INFO Dialect:152 - Using dialect: org.hibernate.dialect.DerbyDialect
10:19:51,180  INFO TransactionFactoryFactory:31 - Using default transaction strategy (direct JDBC transactions)
10:19:51,180  INFO TransactionManagerLookupFactory:33 - No TransactionManagerLookup configured (in JTA environment, use of read-write or transactional second-level cache is not recommended)
10:19:51,180  INFO SettingsFactory:143 - Automatic flush during beforeCompletion(): disabled
10:19:51,180  INFO SettingsFactory:147 - Automatic session close at end of transaction: disabled
10:19:51,180  INFO SettingsFactory:162 - Scrollable result sets: enabled
10:19:51,180  INFO SettingsFactory:170 - JDBC3 getGeneratedKeys(): disabled
10:19:51,180  INFO SettingsFactory:178 - Connection release mode: auto
10:19:51,180  INFO SettingsFactory:205 - Default batch fetch size: 1
10:19:51,180  INFO SettingsFactory:209 - Generate SQL with comments: disabled
10:19:51,180  INFO SettingsFactory:213 - Order SQL updates by primary key: disabled
10:19:51,180  INFO SettingsFactory:382 - Query translator: org.hibernate.hql.ast.ASTQueryTranslatorFactory
10:19:51,180  INFO ASTQueryTranslatorFactory:24 - Using ASTQueryTranslatorFactory
10:19:51,180  INFO SettingsFactory:221 - Query language substitutions: {}
10:19:51,180  INFO SettingsFactory:226 - JPA-QL strict compliance: disabled
10:19:51,180  INFO SettingsFactory:231 - Second-level cache: enabled
10:19:51,180  INFO SettingsFactory:235 - Query cache: disabled
10:19:51,180  INFO SettingsFactory:369 - Cache provider: org.hibernate.cache.NoCacheProvider
10:19:51,180  INFO SettingsFactory:250 - Optimize cache for minimal puts: disabled
10:19:51,180  INFO SettingsFactory:259 - Structured second-level cache entries: disabled
10:19:51,196  INFO SettingsFactory:279 - Echoing all SQL to stdout
10:19:51,196  INFO SettingsFactory:286 - Statistics: disabled
10:19:51,196  INFO SettingsFactory:290 - Deleted entity synthetic identifier rollback: disabled
10:19:51,196  INFO SettingsFactory:305 - Default entity-mode: pojo
10:19:51,196  INFO SettingsFactory:309 - Named query checking : enabled
10:19:51,212  INFO SessionFactoryImpl:161 - building session factory
10:19:51,446  INFO SessionFactoryObjectFactory:82 - Not binding factory to JNDI, no JNDI name configured
10:19:51,446  INFO SchemaUpdate:115 - Running hbm2ddl schema update
10:19:51,446  INFO SchemaUpdate:126 - fetching database metadata
10:19:51,462  INFO SchemaUpdate:138 - updating schema
10:19:51,743  INFO TableMetadata:39 - table found: .GRISBIGRAPHS.ACCOUNTS
10:19:51,743  INFO TableMetadata:40 - columns: [id, balance, name, active, initial_amount, id_currency]
10:19:51,743  INFO TableMetadata:42 - foreign keys: [fk_account_currency]
10:19:51,743  INFO TableMetadata:43 - indexes: [sql090428170439120, sql090428170438000]
10:19:51,758  INFO TableMetadata:39 - table found: .GRISBIGRAPHS.CATEGORIES
10:19:51,758  INFO TableMetadata:40 - columns: [id, grisbi_sub_category_id, id_parent_category, name, grisbi_category_id, system_property]
10:19:51,758  INFO TableMetadata:42 - foreign keys: [fk_category_category]
10:19:51,758  INFO TableMetadata:43 - indexes: [sql090428170439230, sql090428170438141, sql090428170438140]
10:19:51,758  INFO TableMetadata:39 - table found: .GRISBIGRAPHS.CURRENCIES
10:19:51,758  INFO TableMetadata:40 - columns: [id, iso_code, name, active, code]
10:19:51,774  INFO TableMetadata:42 - foreign keys: []
10:19:51,774  INFO TableMetadata:43 - indexes: [sql090428170438390]
10:19:51,774  INFO TableMetadata:39 - table found: .GRISBIGRAPHS.FILE_IMPORTS
10:19:51,774  INFO TableMetadata:40 - columns: [imported_on, id, import_duration, file_path, success]
10:19:51,774  INFO TableMetadata:42 - foreign keys: []
10:19:51,774  INFO TableMetadata:43 - indexes: [sql090428170438540]
10:19:51,805  INFO TableMetadata:39 - table found: .GRISBIGRAPHS.PAYEES
10:19:51,805  INFO TableMetadata:40 - columns: [id, name, system_property]
10:19:51,805  INFO TableMetadata:42 - foreign keys: []
10:19:51,805  INFO TableMetadata:43 - indexes: [sql090428170438680]
10:19:51,836  INFO TableMetadata:39 - table found: .GRISBIGRAPHS.TRANSACTIONS
10:19:51,836  INFO TableMetadata:40 - columns: [id_category, amount, id, id_payee, id_account, id_parent_transaction, comment, date]
10:19:51,836  INFO TableMetadata:42 - foreign keys: [fk_transaction_account, fk_transaction_transaction, fk_transaction_category, fk_transaction_payee]
10:19:51,836  INFO TableMetadata:43 - indexes: [sql090428170439650, sql090428170439320, sql090428170438840, sql090428170439540, sql090428170439430]
10:19:51,836  INFO SchemaUpdate:160 - schema update complete
10:19:51,836  WARN JDBCExceptionReporter:54 - SQL Warning: 10000, SQLState: 01J01
10:19:51,836  WARN JDBCExceptionReporter:55 - Database 'grisbigraphs-db' not created, connection made to existing database instead.
10:24:48,869  INFO SessionFactoryImpl:769 - closing
10:24:48,869  INFO DriverManagerConnectionProvider:147 - cleaning up connection pool: jdbc:derby:grisbigraphs-db;create=true
17:03:19,758  INFO Environment:509 - Hibernate 3.2.3
17:03:19,930  INFO Environment:542 - hibernate.properties not found
17:03:19,930  INFO Environment:676 - Bytecode provider name : cglib
17:03:19,945  INFO Environment:593 - using JDK 1.4 java.sql.Timestamp handling
17:03:19,977  INFO Configuration:1426 - configuring from resource: /hibernate.cfg.xml
17:03:19,977  INFO Configuration:1403 - Configuration resource: /hibernate.cfg.xml
17:03:20,023  INFO Configuration:553 - Reading mappings from resource : gg/db/entities/FileImport.hbm.xml
17:03:20,086  INFO HbmBinder:300 - Mapping class: gg.db.entities.FileImport -> FILE_IMPORTS
17:03:20,117  INFO Configuration:553 - Reading mappings from resource : gg/db/entities/Currency.hbm.xml
17:03:20,148  INFO HbmBinder:300 - Mapping class: gg.db.entities.Currency -> CURRENCIES
17:03:20,148  INFO Configuration:553 - Reading mappings from resource : gg/db/entities/Payee.hbm.xml
17:03:20,180  INFO HbmBinder:300 - Mapping class: gg.db.entities.Payee -> PAYEES
17:03:20,180  INFO Configuration:553 - Reading mappings from resource : gg/db/entities/Account.hbm.xml
17:03:20,211  INFO HbmBinder:300 - Mapping class: gg.db.entities.Account -> ACCOUNTS
17:03:20,273  INFO Configuration:553 - Reading mappings from resource : gg/db/entities/Category.hbm.xml
17:03:20,305  INFO HbmBinder:300 - Mapping class: gg.db.entities.Category -> CATEGORIES
17:03:20,305  INFO Configuration:553 - Reading mappings from resource : gg/db/entities/Transaction.hbm.xml
17:03:20,492  INFO HbmBinder:300 - Mapping class: gg.db.entities.Transaction -> TRANSACTIONS
17:03:20,523  INFO Configuration:1541 - Configured SessionFactory: null
17:03:20,539  INFO HbmBinder:2375 - Mapping collection: gg.db.entities.Currency.accounts -> ACCOUNTS
17:03:20,539  INFO HbmBinder:2375 - Mapping collection: gg.db.entities.Account.transactions -> TRANSACTIONS
17:03:20,539  INFO HbmBinder:2375 - Mapping collection: gg.db.entities.Category.subCategories -> CATEGORIES
17:03:20,539  INFO HbmBinder:2375 - Mapping collection: gg.db.entities.Transaction.subTransactions -> TRANSACTIONS
17:03:20,555  INFO DriverManagerConnectionProvider:41 - Using Hibernate built-in connection pool (not for production use!)
17:03:20,555  INFO DriverManagerConnectionProvider:42 - Hibernate connection pool size: 1
17:03:20,555  INFO DriverManagerConnectionProvider:45 - autocommit mode: false
17:03:21,430  INFO DriverManagerConnectionProvider:80 - using driver: org.apache.derby.jdbc.EmbeddedDriver at URL: jdbc:derby:grisbigraphs-db;create=true
17:03:21,430  INFO DriverManagerConnectionProvider:86 - connection properties: {user=grisbigraphs, password=****}
17:03:21,883  INFO SettingsFactory:89 - RDBMS: Apache Derby, version: 10.4.2.0 - (689064)
17:03:21,883  INFO SettingsFactory:90 - JDBC driver: Apache Derby Embedded JDBC Driver, version: 10.4.2.0 - (689064)
17:03:21,898  INFO Dialect:152 - Using dialect: org.hibernate.dialect.DerbyDialect
17:03:21,898  INFO TransactionFactoryFactory:31 - Using default transaction strategy (direct JDBC transactions)
17:03:21,914  INFO TransactionManagerLookupFactory:33 - No TransactionManagerLookup configured (in JTA environment, use of read-write or transactional second-level cache is not recommended)
17:03:21,914  INFO SettingsFactory:143 - Automatic flush during beforeCompletion(): disabled
17:03:21,914  INFO SettingsFactory:147 - Automatic session close at end of transaction: disabled
17:03:21,914  INFO SettingsFactory:162 - Scrollable result sets: enabled
17:03:21,914  INFO SettingsFactory:170 - JDBC3 getGeneratedKeys(): disabled
17:03:21,914  INFO SettingsFactory:178 - Connection release mode: auto
17:03:21,914  INFO SettingsFactory:205 - Default batch fetch size: 1
17:03:21,914  INFO SettingsFactory:209 - Generate SQL with comments: disabled
17:03:21,914  INFO SettingsFactory:213 - Order SQL updates by primary key: disabled
17:03:21,914  INFO SettingsFactory:382 - Query translator: org.hibernate.hql.ast.ASTQueryTranslatorFactory
17:03:21,914  INFO ASTQueryTranslatorFactory:24 - Using ASTQueryTranslatorFactory
17:03:21,914  INFO SettingsFactory:221 - Query language substitutions: {}
17:03:21,914  INFO SettingsFactory:226 - JPA-QL strict compliance: disabled
17:03:21,914  INFO SettingsFactory:231 - Second-level cache: enabled
17:03:21,914  INFO SettingsFactory:235 - Query cache: disabled
17:03:21,914  INFO SettingsFactory:369 - Cache provider: org.hibernate.cache.NoCacheProvider
17:03:21,914  INFO SettingsFactory:250 - Optimize cache for minimal puts: disabled
17:03:21,914  INFO SettingsFactory:259 - Structured second-level cache entries: disabled
17:03:21,914  INFO SettingsFactory:279 - Echoing all SQL to stdout
17:03:21,914  INFO SettingsFactory:286 - Statistics: disabled
17:03:21,914  INFO SettingsFactory:290 - Deleted entity synthetic identifier rollback: disabled
17:03:21,914  INFO SettingsFactory:305 - Default entity-mode: pojo
17:03:21,914  INFO SettingsFactory:309 - Named query checking : enabled
17:03:21,945  INFO SessionFactoryImpl:161 - building session factory
17:03:22,180  INFO SessionFactoryObjectFactory:82 - Not binding factory to JNDI, no JNDI name configured
17:03:22,180  INFO SchemaUpdate:115 - Running hbm2ddl schema update
17:03:22,180  INFO SchemaUpdate:126 - fetching database metadata
17:03:22,180  INFO SchemaUpdate:138 - updating schema
17:03:22,461  INFO TableMetadata:39 - table found: .GRISBIGRAPHS.ACCOUNTS
17:03:22,461  INFO TableMetadata:40 - columns: [id, balance, name, active, initial_amount, id_currency]
17:03:22,476  INFO TableMetadata:42 - foreign keys: [fk_account_currency]
17:03:22,476  INFO TableMetadata:43 - indexes: [sql090428170439120, sql090428170438000]
17:03:22,492  INFO TableMetadata:39 - table found: .GRISBIGRAPHS.CATEGORIES
17:03:22,492  INFO TableMetadata:40 - columns: [id, grisbi_sub_category_id, id_parent_category, name, grisbi_category_id, system_property]
17:03:22,492  INFO TableMetadata:42 - foreign keys: [fk_category_category]
17:03:22,492  INFO TableMetadata:43 - indexes: [sql090428170439230, sql090428170438141, sql090428170438140]
17:03:22,492  INFO TableMetadata:39 - table found: .GRISBIGRAPHS.CURRENCIES
17:03:22,492  INFO TableMetadata:40 - columns: [id, iso_code, name, active, code]
17:03:22,492  INFO TableMetadata:42 - foreign keys: []
17:03:22,492  INFO TableMetadata:43 - indexes: [sql090428170438390]
17:03:22,508  INFO TableMetadata:39 - table found: .GRISBIGRAPHS.FILE_IMPORTS
17:03:22,508  INFO TableMetadata:40 - columns: [imported_on, id, import_duration, file_path, success]
17:03:22,508  INFO TableMetadata:42 - foreign keys: []
17:03:22,508  INFO TableMetadata:43 - indexes: [sql090428170438540]
17:03:22,523  INFO TableMetadata:39 - table found: .GRISBIGRAPHS.PAYEES
17:03:22,523  INFO TableMetadata:40 - columns: [id, name, system_property]
17:03:22,523  INFO TableMetadata:42 - foreign keys: []
17:03:22,523  INFO TableMetadata:43 - indexes: [sql090428170438680]
17:03:22,555  INFO TableMetadata:39 - table found: .GRISBIGRAPHS.TRANSACTIONS
17:03:22,555  INFO TableMetadata:40 - columns: [id_category, amount, id, id_payee, id_account, id_parent_transaction, comment, date]
17:03:22,555  INFO TableMetadata:42 - foreign keys: [fk_transaction_account, fk_transaction_transaction, fk_transaction_category, fk_transaction_payee]
17:03:22,555  INFO TableMetadata:43 - indexes: [sql090428170439650, sql090428170439320, sql090428170438840, sql090428170439540, sql090428170439430]
17:03:22,555  INFO SchemaUpdate:160 - schema update complete
17:03:22,555  WARN JDBCExceptionReporter:54 - SQL Warning: 10000, SQLState: 01J01
17:03:22,555  WARN JDBCExceptionReporter:55 - Database 'grisbigraphs-db' not created, connection made to existing database instead.
17:03:58,834  INFO SessionFactoryImpl:769 - closing
17:03:58,834  INFO DriverManagerConnectionProvider:147 - cleaning up connection pool: jdbc:derby:grisbigraphs-db;create=true
17:13:22,773  INFO Environment:509 - Hibernate 3.2.3
17:13:22,945  INFO Environment:542 - hibernate.properties not found
17:13:22,945  INFO Environment:676 - Bytecode provider name : cglib
17:13:22,961  INFO Environment:593 - using JDK 1.4 java.sql.Timestamp handling
17:13:22,992  INFO Configuration:1426 - configuring from resource: /hibernate.cfg.xml
17:13:22,992  INFO Configuration:1403 - Configuration resource: /hibernate.cfg.xml
17:13:23,039  INFO Configuration:553 - Reading mappings from resource : gg/db/entities/FileImport.hbm.xml
17:13:23,117  INFO HbmBinder:300 - Mapping class: gg.db.entities.FileImport -> FILE_IMPORTS
17:13:23,132  INFO Configuration:553 - Reading mappings from resource : gg/db/entities/Currency.hbm.xml
17:13:23,179  INFO HbmBinder:300 - Mapping class: gg.db.entities.Currency -> CURRENCIES
17:13:23,179  INFO Configuration:553 - Reading mappings from resource : gg/db/entities/Payee.hbm.xml
17:13:23,211  INFO HbmBinder:300 - Mapping class: gg.db.entities.Payee -> PAYEES
17:13:23,211  INFO Configuration:553 - Reading mappings from resource : gg/db/entities/Account.hbm.xml
17:13:23,257  INFO HbmBinder:300 - Mapping class: gg.db.entities.Account -> ACCOUNTS
17:13:23,320  INFO Configuration:553 - Reading mappings from resource : gg/db/entities/Category.hbm.xml
17:13:23,351  INFO HbmBinder:300 - Mapping class: gg.db.entities.Category -> CATEGORIES
17:13:23,351  INFO Configuration:553 - Reading mappings from resource : gg/db/entities/Transaction.hbm.xml
17:13:23,523  INFO HbmBinder:300 - Mapping class: gg.db.entities.Transaction -> TRANSACTIONS
17:13:23,570  INFO Configuration:1541 - Configured SessionFactory: null
17:13:23,570  INFO HbmBinder:2375 - Mapping collection: gg.db.entities.Currency.accounts -> ACCOUNTS
17:13:23,570  INFO HbmBinder:2375 - Mapping collection: gg.db.entities.Account.transactions -> TRANSACTIONS
17:13:23,570  INFO HbmBinder:2375 - Mapping collection: gg.db.entities.Category.subCategories -> CATEGORIES
17:13:23,570  INFO HbmBinder:2375 - Mapping collection: gg.db.entities.Transaction.subTransactions -> TRANSACTIONS
17:13:23,586  INFO DriverManagerConnectionProvider:41 - Using Hibernate built-in connection pool (not for production use!)
17:13:23,586  INFO DriverManagerConnectionProvider:42 - Hibernate connection pool size: 1
17:13:23,586  INFO DriverManagerConnectionProvider:45 - autocommit mode: false
17:13:24,523  INFO DriverManagerConnectionProvider:80 - using driver: org.apache.derby.jdbc.EmbeddedDriver at URL: jdbc:derby:grisbigraphs-db;create=true
17:13:24,523  INFO DriverManagerConnectionProvider:86 - connection properties: {user=grisbigraphs, password=****}
17:13:24,945  INFO SettingsFactory:89 - RDBMS: Apache Derby, version: 10.4.2.0 - (689064)
17:13:24,945  INFO SettingsFactory:90 - JDBC driver: Apache Derby Embedded JDBC Driver, version: 10.4.2.0 - (689064)
17:13:24,961  INFO Dialect:152 - Using dialect: org.hibernate.dialect.DerbyDialect
17:13:24,961  INFO TransactionFactoryFactory:31 - Using default transaction strategy (direct JDBC transactions)
17:13:24,961  INFO TransactionManagerLookupFactory:33 - No TransactionManagerLookup configured (in JTA environment, use of read-write or transactional second-level cache is not recommended)
17:13:24,961  INFO SettingsFactory:143 - Automatic flush during beforeCompletion(): disabled
17:13:24,961  INFO SettingsFactory:147 - Automatic session close at end of transaction: disabled
17:13:24,961  INFO SettingsFactory:162 - Scrollable result sets: enabled
17:13:24,961  INFO SettingsFactory:170 - JDBC3 getGeneratedKeys(): disabled
17:13:24,961  INFO SettingsFactory:178 - Connection release mode: auto
17:13:24,976  INFO SettingsFactory:205 - Default batch fetch size: 1
17:13:24,976  INFO SettingsFactory:209 - Generate SQL with comments: disabled
17:13:24,976  INFO SettingsFactory:213 - Order SQL updates by primary key: disabled
17:13:24,976  INFO SettingsFactory:382 - Query translator: org.hibernate.hql.ast.ASTQueryTranslatorFactory
17:13:24,976  INFO ASTQueryTranslatorFactory:24 - Using ASTQueryTranslatorFactory
17:13:24,976  INFO SettingsFactory:221 - Query language substitutions: {}
17:13:24,976  INFO SettingsFactory:226 - JPA-QL strict compliance: disabled
17:13:24,976  INFO SettingsFactory:231 - Second-level cache: enabled
17:13:24,976  INFO SettingsFactory:235 - Query cache: disabled
17:13:24,976  INFO SettingsFactory:369 - Cache provider: org.hibernate.cache.NoCacheProvider
17:13:24,976  INFO SettingsFactory:250 - Optimize cache for minimal puts: disabled
17:13:24,976  INFO SettingsFactory:259 - Structured second-level cache entries: disabled
17:13:24,976  INFO SettingsFactory:279 - Echoing all SQL to stdout
17:13:24,976  INFO SettingsFactory:286 - Statistics: disabled
17:13:24,976  INFO SettingsFactory:290 - Deleted entity synthetic identifier rollback: disabled
17:13:24,976  INFO SettingsFactory:305 - Default entity-mode: pojo
17:13:24,976  INFO SettingsFactory:309 - Named query checking : enabled
17:13:24,992  INFO SessionFactoryImpl:161 - building session factory
17:13:25,242  INFO SessionFactoryObjectFactory:82 - Not binding factory to JNDI, no JNDI name configured
17:13:25,242  INFO SchemaUpdate:115 - Running hbm2ddl schema update
17:13:25,242  INFO SchemaUpdate:126 - fetching database metadata
17:13:25,242  INFO SchemaUpdate:138 - updating schema
17:13:25,523  INFO TableMetadata:39 - table found: .GRISBIGRAPHS.ACCOUNTS
17:13:25,523  INFO TableMetadata:40 - columns: [id, balance, name, active, initial_amount, id_currency]
17:13:25,523  INFO TableMetadata:42 - foreign keys: [fk_account_currency]
17:13:25,523  INFO TableMetadata:43 - indexes: [sql090428170439120, sql090428170438000]
17:13:25,539  INFO TableMetadata:39 - table found: .GRISBIGRAPHS.CATEGORIES
17:13:25,539  INFO TableMetadata:40 - columns: [id, grisbi_sub_category_id, id_parent_category, name, grisbi_category_id, system_property]
17:13:25,539  INFO TableMetadata:42 - foreign keys: [fk_category_category]
17:13:25,539  INFO TableMetadata:43 - indexes: [sql090428170439230, sql090428170438141, sql090428170438140]
17:13:25,554  INFO TableMetadata:39 - table found: .GRISBIGRAPHS.CURRENCIES
17:13:25,554  INFO TableMetadata:40 - columns: [id, iso_code, name, active, code]
17:13:25,554  INFO TableMetadata:42 - foreign keys: []
17:13:25,554  INFO TableMetadata:43 - indexes: [sql090428170438390]
17:13:25,570  INFO TableMetadata:39 - table found: .GRISBIGRAPHS.FILE_IMPORTS
17:13:25,570  INFO TableMetadata:40 - columns: [imported_on, id, import_duration, file_path, success]
17:13:25,570  INFO TableMetadata:42 - foreign keys: []
17:13:25,570  INFO TableMetadata:43 - indexes: [sql090428170438540]
17:13:25,570  INFO TableMetadata:39 - table found: .GRISBIGRAPHS.PAYEES
17:13:25,570  INFO TableMetadata:40 - columns: [id, name, system_property]
17:13:25,570  INFO TableMetadata:42 - foreign keys: []
17:13:25,570  INFO TableMetadata:43 - indexes: [sql090428170438680]
17:13:25,601  INFO TableMetadata:39 - table found: .GRISBIGRAPHS.TRANSACTIONS
17:13:25,617  INFO TableMetadata:40 - columns: [id_category, amount, id, id_payee, id_account, id_parent_transaction, comment, date]
17:13:25,617  INFO TableMetadata:42 - foreign keys: [fk_transaction_account, fk_transaction_transaction, fk_transaction_category, fk_transaction_payee]
17:13:25,617  INFO TableMetadata:43 - indexes: [sql090428170439650, sql090428170439320, sql090428170438840, sql090428170439540, sql090428170439430]
17:13:25,617  INFO SchemaUpdate:160 - schema update complete
17:13:25,617  WARN JDBCExceptionReporter:54 - SQL Warning: 10000, SQLState: 01J01
17:13:25,617  WARN JDBCExceptionReporter:55 - Database 'grisbigraphs-db' not created, connection made to existing database instead.
17:15:10,486  INFO SessionFactoryImpl:769 - closing
17:15:10,486  INFO DriverManagerConnectionProvider:147 - cleaning up connection pool: jdbc:derby:grisbigraphs-db;create=true
17:16:54,090  INFO Environment:509 - Hibernate 3.2.3
17:16:54,262  INFO Environment:542 - hibernate.properties not found
17:16:54,262  INFO Environment:676 - Bytecode provider name : cglib
17:16:54,262  INFO Environment:593 - using JDK 1.4 java.sql.Timestamp handling
17:16:54,309  INFO Configuration:1426 - configuring from resource: /hibernate.cfg.xml
17:16:54,309  INFO Configuration:1403 - Configuration resource: /hibernate.cfg.xml
17:16:54,356  INFO Configuration:553 - Reading mappings from resource : gg/db/entities/FileImport.hbm.xml
17:16:54,419  INFO HbmBinder:300 - Mapping class: gg.db.entities.FileImport -> FILE_IMPORTS
17:16:54,450  INFO Configuration:553 - Reading mappings from resource : gg/db/entities/Currency.hbm.xml
17:16:54,465  INFO HbmBinder:300 - Mapping class: gg.db.entities.Currency -> CURRENCIES
17:16:54,481  INFO Configuration:553 - Reading mappings from resource : gg/db/entities/Payee.hbm.xml
17:16:54,512  INFO HbmBinder:300 - Mapping class: gg.db.entities.Payee -> PAYEES
17:16:54,512  INFO Configuration:553 - Reading mappings from resource : gg/db/entities/Account.hbm.xml
17:16:54,544  INFO HbmBinder:300 - Mapping class: gg.db.entities.Account -> ACCOUNTS
17:16:54,622  INFO Configuration:553 - Reading mappings from resource : gg/db/entities/Category.hbm.xml
17:16:54,637  INFO HbmBinder:300 - Mapping class: gg.db.entities.Category -> CATEGORIES
17:16:54,653  INFO Configuration:553 - Reading mappings from resource : gg/db/entities/Transaction.hbm.xml
17:16:54,825  INFO HbmBinder:300 - Mapping class: gg.db.entities.Transaction -> TRANSACTIONS
17:16:54,872  INFO Configuration:1541 - Configured SessionFactory: null
17:16:54,872  INFO HbmBinder:2375 - Mapping collection: gg.db.entities.Currency.accounts -> ACCOUNTS
17:16:54,872  INFO HbmBinder:2375 - Mapping collection: gg.db.entities.Account.transactions -> TRANSACTIONS
17:16:54,872  INFO HbmBinder:2375 - Mapping collection: gg.db.entities.Category.subCategories -> CATEGORIES
17:16:54,872  INFO HbmBinder:2375 - Mapping collection: gg.db.entities.Transaction.subTransactions -> TRANSACTIONS
17:16:54,887  INFO DriverManagerConnectionProvider:41 - Using Hibernate built-in connection pool (not for production use!)
17:16:54,887  INFO DriverManagerConnectionProvider:42 - Hibernate connection pool size: 1
17:16:54,887  INFO DriverManagerConnectionProvider:45 - autocommit mode: false
17:16:55,809  INFO DriverManagerConnectionProvider:80 - using driver: org.apache.derby.jdbc.EmbeddedDriver at URL: jdbc:derby:grisbigraphs-db;create=true
17:16:55,809  INFO DriverManagerConnectionProvider:86 - connection properties: {user=grisbigraphs, password=****}
17:16:56,293  INFO SettingsFactory:89 - RDBMS: Apache Derby, version: 10.4.2.0 - (689064)
17:16:56,293  INFO SettingsFactory:90 - JDBC driver: Apache Derby Embedded JDBC Driver, version: 10.4.2.0 - (689064)
17:16:56,309  INFO Dialect:152 - Using dialect: org.hibernate.dialect.DerbyDialect
17:16:56,309  INFO TransactionFactoryFactory:31 - Using default transaction strategy (direct JDBC transactions)
17:16:56,309  INFO TransactionManagerLookupFactory:33 - No TransactionManagerLookup configured (in JTA environment, use of read-write or transactional second-level cache is not recommended)
17:16:56,309  INFO SettingsFactory:143 - Automatic flush during beforeCompletion(): disabled
17:16:56,309  INFO SettingsFactory:147 - Automatic session close at end of transaction: disabled
17:16:56,309  INFO SettingsFactory:162 - Scrollable result sets: enabled
17:16:56,309  INFO SettingsFactory:170 - JDBC3 getGeneratedKeys(): disabled
17:16:56,309  INFO SettingsFactory:178 - Connection release mode: auto
17:16:56,309  INFO SettingsFactory:205 - Default batch fetch size: 1
17:16:56,309  INFO SettingsFactory:209 - Generate SQL with comments: disabled
17:16:56,309  INFO SettingsFactory:213 - Order SQL updates by primary key: disabled
17:16:56,309  INFO SettingsFactory:382 - Query translator: org.hibernate.hql.ast.ASTQueryTranslatorFactory
17:16:56,309  INFO ASTQueryTranslatorFactory:24 - Using ASTQueryTranslatorFactory
17:16:56,309  INFO SettingsFactory:221 - Query language substitutions: {}
17:16:56,309  INFO SettingsFactory:226 - JPA-QL strict compliance: disabled
17:16:56,309  INFO SettingsFactory:231 - Second-level cache: enabled
17:16:56,309  INFO SettingsFactory:235 - Query cache: disabled
17:16:56,309  INFO SettingsFactory:369 - Cache provider: org.hibernate.cache.NoCacheProvider
17:16:56,325  INFO SettingsFactory:250 - Optimize cache for minimal puts: disabled
17:16:56,325  INFO SettingsFactory:259 - Structured second-level cache entries: disabled
17:16:56,325  INFO SettingsFactory:279 - Echoing all SQL to stdout
17:16:56,325  INFO SettingsFactory:286 - Statistics: disabled
17:16:56,325  INFO SettingsFactory:290 - Deleted entity synthetic identifier rollback: disabled
17:16:56,325  INFO SettingsFactory:305 - Default entity-mode: pojo
17:16:56,325  INFO SettingsFactory:309 - Named query checking : enabled
17:16:56,340  INFO SessionFactoryImpl:161 - building session factory
17:16:56,575  INFO SessionFactoryObjectFactory:82 - Not binding factory to JNDI, no JNDI name configured
17:16:56,575  INFO SchemaUpdate:115 - Running hbm2ddl schema update
17:16:56,575  INFO SchemaUpdate:126 - fetching database metadata
17:16:56,575  INFO SchemaUpdate:138 - updating schema
17:16:56,856  INFO TableMetadata:39 - table found: .GRISBIGRAPHS.ACCOUNTS
17:16:56,856  INFO TableMetadata:40 - columns: [id, balance, name, active, initial_amount, id_currency]
17:16:56,856  INFO TableMetadata:42 - foreign keys: [fk_account_currency]
17:16:56,856  INFO TableMetadata:43 - indexes: [sql090428170439120, sql090428170438000]
17:16:56,872  INFO TableMetadata:39 - table found: .GRISBIGRAPHS.CATEGORIES
17:16:56,872  INFO TableMetadata:40 - columns: [id, grisbi_sub_category_id, id_parent_category, name, grisbi_category_id, system_property]
17:16:56,872  INFO TableMetadata:42 - foreign keys: [fk_category_category]
17:16:56,872  INFO TableMetadata:43 - indexes: [sql090428170439230, sql090428170438141, sql090428170438140]
17:16:56,887  INFO TableMetadata:39 - table found: .GRISBIGRAPHS.CURRENCIES
17:16:56,887  INFO TableMetadata:40 - columns: [id, iso_code, name, active, code]
17:16:56,887  INFO TableMetadata:42 - foreign keys: []
17:16:56,887  INFO TableMetadata:43 - indexes: [sql090428170438390]
17:16:56,887  INFO TableMetadata:39 - table found: .GRISBIGRAPHS.FILE_IMPORTS
17:16:56,887  INFO TableMetadata:40 - columns: [imported_on, id, import_duration, file_path, success]
17:16:56,887  INFO TableMetadata:42 - foreign keys: []
17:16:56,887  INFO TableMetadata:43 - indexes: [sql090428170438540]
17:16:56,903  INFO TableMetadata:39 - table found: .GRISBIGRAPHS.PAYEES
17:16:56,903  INFO TableMetadata:40 - columns: [id, name, system_property]
17:16:56,903  INFO TableMetadata:42 - foreign keys: []
17:16:56,903  INFO TableMetadata:43 - indexes: [sql090428170438680]
17:16:56,934  INFO TableMetadata:39 - table found: .GRISBIGRAPHS.TRANSACTIONS
17:16:56,934  INFO TableMetadata:40 - columns: [id_category, amount, id, id_payee, id_account, id_parent_transaction, comment, date]
17:16:56,934  INFO TableMetadata:42 - foreign keys: [fk_transaction_account, fk_transaction_transaction, fk_transaction_category, fk_transaction_payee]
17:16:56,934  INFO TableMetadata:43 - indexes: [sql090428170439650, sql090428170439320, sql090428170438840, sql090428170439540, sql090428170439430]
17:16:56,934  INFO SchemaUpdate:160 - schema update complete
17:16:56,934  WARN JDBCExceptionReporter:54 - SQL Warning: 10000, SQLState: 01J01
17:16:56,934  WARN JDBCExceptionReporter:55 - Database 'grisbigraphs-db' not created, connection made to existing database instead.
17:17:58,759  INFO SessionFactoryImpl:769 - closing
17:17:58,759  INFO DriverManagerConnectionProvider:147 - cleaning up connection pool: jdbc:derby:grisbigraphs-db;create=true
